{"/Users/adelaulia/Desktop/PHASE3/fopy/Fopy/app.js": {"path":"/Users/adelaulia/Desktop/PHASE3/fopy/Fopy/app.js","statementMap":{"0":{"start":{"line":1,"column":0},"end":{"line":1,"column":26}},"1":{"start":{"line":3,"column":16},"end":{"line":3,"column":34}},"2":{"start":{"line":4,"column":12},"end":{"line":4,"column":21}},"3":{"start":{"line":5,"column":13},"end":{"line":5,"column":28}},"4":{"start":{"line":6,"column":15},"end":{"line":6,"column":34}},"5":{"start":{"line":7,"column":21},"end":{"line":7,"column":58}},"6":{"start":{"line":9,"column":0},"end":{"line":9,"column":48}},"7":{"start":{"line":10,"column":0},"end":{"line":10,"column":23}},"8":{"start":{"line":11,"column":0},"end":{"line":11,"column":15}},"9":{"start":{"line":13,"column":0},"end":{"line":13,"column":15}},"10":{"start":{"line":14,"column":0},"end":{"line":14,"column":21}},"11":{"start":{"line":16,"column":0},"end":{"line":16,"column":21}}},"fnMap":{},"branchMap":{},"s":{"0":3,"1":3,"2":3,"3":3,"4":3,"5":3,"6":3,"7":3,"8":3,"9":3,"10":3,"11":3},"f":{},"b":{},"_coverageSchema":"1a1c01bbd47fc00a2c39e90264f33305004495a9","hash":"acb33ab8b0ff591c1aba214f516bae5c28b0e96c"}
,"/Users/adelaulia/Desktop/PHASE3/fopy/Fopy/controllers/additionalController.js": {"path":"/Users/adelaulia/Desktop/PHASE3/fopy/Fopy/controllers/additionalController.js","statementMap":{"0":{"start":{"line":1,"column":24},"end":{"line":1,"column":44}},"1":{"start":{"line":2,"column":23},"end":{"line":2,"column":49}},"2":{"start":{"line":6,"column":4},"end":{"line":43,"column":5}},"3":{"start":{"line":7,"column":25},"end":{"line":7,"column":33}},"4":{"start":{"line":9,"column":6},"end":{"line":11,"column":7}},"5":{"start":{"line":10,"column":8},"end":{"line":10,"column":47}},"6":{"start":{"line":12,"column":23},"end":{"line":12,"column":55}},"7":{"start":{"line":14,"column":20},"end":{"line":18,"column":8}},"8":{"start":{"line":20,"column":17},"end":{"line":23,"column":8}},"9":{"start":{"line":25,"column":22},"end":{"line":36,"column":7}},"10":{"start":{"line":38,"column":26},"end":{"line":38,"column":65}},"11":{"start":{"line":39,"column":6},"end":{"line":39,"column":47}},"12":{"start":{"line":40,"column":6},"end":{"line":40,"column":40}},"13":{"start":{"line":42,"column":6},"end":{"line":42,"column":18}},"14":{"start":{"line":47,"column":4},"end":{"line":87,"column":5}},"15":{"start":{"line":48,"column":65},"end":{"line":48,"column":73}},"16":{"start":{"line":50,"column":6},"end":{"line":52,"column":7}},"17":{"start":{"line":51,"column":8},"end":{"line":51,"column":37}},"18":{"start":{"line":54,"column":6},"end":{"line":54,"column":37}},"19":{"start":{"line":56,"column":6},"end":{"line":82,"column":7}},"20":{"start":{"line":57,"column":22},"end":{"line":57,"column":73}},"21":{"start":{"line":59,"column":8},"end":{"line":81,"column":9}},"22":{"start":{"line":60,"column":23},"end":{"line":60,"column":56}},"23":{"start":{"line":61,"column":10},"end":{"line":70,"column":12}},"24":{"start":{"line":71,"column":10},"end":{"line":78,"column":12}},"25":{"start":{"line":80,"column":10},"end":{"line":80,"column":51}},"26":{"start":{"line":84,"column":6},"end":{"line":84,"column":60}},"27":{"start":{"line":86,"column":6},"end":{"line":86,"column":18}},"28":{"start":{"line":91,"column":0},"end":{"line":91,"column":38}}},"fnMap":{"0":{"name":"(anonymous_0)","decl":{"start":{"line":5,"column":2},"end":{"line":5,"column":3}},"loc":{"start":{"line":5,"column":53},"end":{"line":44,"column":3}},"line":5},"1":{"name":"(anonymous_1)","decl":{"start":{"line":46,"column":2},"end":{"line":46,"column":3}},"loc":{"start":{"line":46,"column":45},"end":{"line":88,"column":3}},"line":46}},"branchMap":{"0":{"loc":{"start":{"line":9,"column":6},"end":{"line":11,"column":7}},"type":"if","locations":[{"start":{"line":9,"column":6},"end":{"line":11,"column":7}},{"start":{},"end":{}}],"line":9},"1":{"loc":{"start":{"line":50,"column":6},"end":{"line":52,"column":7}},"type":"if","locations":[{"start":{"line":50,"column":6},"end":{"line":52,"column":7}},{"start":{},"end":{}}],"line":50},"2":{"loc":{"start":{"line":50,"column":10},"end":{"line":50,"column":65}},"type":"binary-expr","locations":[{"start":{"line":50,"column":10},"end":{"line":50,"column":35}},{"start":{"line":50,"column":39},"end":{"line":50,"column":52}},{"start":{"line":50,"column":56},"end":{"line":50,"column":65}}],"line":50},"3":{"loc":{"start":{"line":56,"column":6},"end":{"line":82,"column":7}},"type":"if","locations":[{"start":{"line":56,"column":6},"end":{"line":82,"column":7}},{"start":{},"end":{}}],"line":56},"4":{"loc":{"start":{"line":59,"column":8},"end":{"line":81,"column":9}},"type":"if","locations":[{"start":{"line":59,"column":8},"end":{"line":81,"column":9}},{"start":{"line":79,"column":15},"end":{"line":81,"column":9}}],"line":59}},"s":{"0":3,"1":3,"2":2,"3":2,"4":2,"5":1,"6":1,"7":1,"8":1,"9":1,"10":1,"11":0,"12":0,"13":2,"14":3,"15":3,"16":3,"17":1,"18":2,"19":2,"20":2,"21":2,"22":1,"23":1,"24":1,"25":1,"26":1,"27":2,"28":3},"f":{"0":2,"1":3},"b":{"0":[1,1],"1":[1,2],"2":[3,2,2],"3":[2,0],"4":[1,1]},"_coverageSchema":"1a1c01bbd47fc00a2c39e90264f33305004495a9","hash":"3e5db3b5ca3eef02046e2f033c4818ac68871289"}
,"/Users/adelaulia/Desktop/PHASE3/fopy/Fopy/controllers/adminController.js": {"path":"/Users/adelaulia/Desktop/PHASE3/fopy/Fopy/controllers/adminController.js","statementMap":{"0":{"start":{"line":1,"column":83},"end":{"line":1,"column":103}},"1":{"start":{"line":2,"column":28},"end":{"line":2,"column":56}},"2":{"start":{"line":3,"column":22},"end":{"line":3,"column":47}},"3":{"start":{"line":5,"column":15},"end":{"line":5,"column":35}},"4":{"start":{"line":6,"column":0},"end":{"line":287,"column":1}},"5":{"start":{"line":8,"column":4},"end":{"line":34,"column":5}},"6":{"start":{"line":9,"column":34},"end":{"line":9,"column":42}},"7":{"start":{"line":10,"column":6},"end":{"line":10,"column":53}},"8":{"start":{"line":10,"column":18},"end":{"line":10,"column":53}},"9":{"start":{"line":11,"column":6},"end":{"line":11,"column":59}},"10":{"start":{"line":11,"column":21},"end":{"line":11,"column":59}},"11":{"start":{"line":12,"column":24},"end":{"line":16,"column":8}},"12":{"start":{"line":17,"column":6},"end":{"line":17,"column":62}},"13":{"start":{"line":17,"column":22},"end":{"line":17,"column":62}},"14":{"start":{"line":18,"column":30},"end":{"line":18,"column":75}},"15":{"start":{"line":19,"column":6},"end":{"line":19,"column":70}},"16":{"start":{"line":19,"column":30},"end":{"line":19,"column":70}},"17":{"start":{"line":20,"column":27},"end":{"line":23,"column":8}},"18":{"start":{"line":24,"column":6},"end":{"line":31,"column":8}},"19":{"start":{"line":33,"column":6},"end":{"line":33,"column":17}},"20":{"start":{"line":38,"column":4},"end":{"line":70,"column":5}},"21":{"start":{"line":39,"column":78},"end":{"line":39,"column":86}},"22":{"start":{"line":41,"column":27},"end":{"line":41,"column":46}},"23":{"start":{"line":43,"column":21},"end":{"line":43,"column":67}},"24":{"start":{"line":44,"column":24},"end":{"line":47,"column":7}},"25":{"start":{"line":49,"column":29},"end":{"line":58,"column":8}},"26":{"start":{"line":59,"column":6},"end":{"line":67,"column":8}},"27":{"start":{"line":69,"column":6},"end":{"line":69,"column":17}},"28":{"start":{"line":74,"column":4},"end":{"line":80,"column":5}},"29":{"start":{"line":75,"column":26},"end":{"line":75,"column":49}},"30":{"start":{"line":76,"column":6},"end":{"line":76,"column":39}},"31":{"start":{"line":79,"column":6},"end":{"line":79,"column":17}},"32":{"start":{"line":84,"column":4},"end":{"line":106,"column":5}},"33":{"start":{"line":86,"column":6},"end":{"line":101,"column":7}},"34":{"start":{"line":87,"column":8},"end":{"line":91,"column":11}},"35":{"start":{"line":92,"column":13},"end":{"line":101,"column":7}},"36":{"start":{"line":93,"column":8},"end":{"line":98,"column":11}},"37":{"start":{"line":100,"column":8},"end":{"line":100,"column":36}},"38":{"start":{"line":103,"column":6},"end":{"line":103,"column":40}},"39":{"start":{"line":105,"column":6},"end":{"line":105,"column":18}},"40":{"start":{"line":110,"column":4},"end":{"line":125,"column":5}},"41":{"start":{"line":111,"column":57},"end":{"line":111,"column":65}},"42":{"start":{"line":112,"column":29},"end":{"line":120,"column":8}},"43":{"start":{"line":122,"column":6},"end":{"line":122,"column":42}},"44":{"start":{"line":124,"column":6},"end":{"line":124,"column":17}},"45":{"start":{"line":129,"column":15},"end":{"line":129,"column":29}},"46":{"start":{"line":131,"column":4},"end":{"line":156,"column":5}},"47":{"start":{"line":132,"column":19},"end":{"line":132,"column":43}},"48":{"start":{"line":134,"column":6},"end":{"line":134,"column":45}},"49":{"start":{"line":134,"column":17},"end":{"line":134,"column":45}},"50":{"start":{"line":136,"column":6},"end":{"line":136,"column":77}},"51":{"start":{"line":136,"column":49},"end":{"line":136,"column":77}},"52":{"start":{"line":138,"column":30},"end":{"line":138,"column":38}},"53":{"start":{"line":139,"column":6},"end":{"line":152,"column":7}},"54":{"start":{"line":140,"column":33},"end":{"line":147,"column":9}},"55":{"start":{"line":149,"column":8},"end":{"line":149,"column":114}},"56":{"start":{"line":151,"column":8},"end":{"line":151,"column":63}},"57":{"start":{"line":155,"column":6},"end":{"line":155,"column":18}},"58":{"start":{"line":160,"column":15},"end":{"line":160,"column":27}},"59":{"start":{"line":161,"column":4},"end":{"line":181,"column":5}},"60":{"start":{"line":162,"column":31},"end":{"line":177,"column":8}},"61":{"start":{"line":178,"column":6},"end":{"line":178,"column":44}},"62":{"start":{"line":180,"column":6},"end":{"line":180,"column":17}},"63":{"start":{"line":185,"column":15},"end":{"line":185,"column":29}},"64":{"start":{"line":186,"column":4},"end":{"line":206,"column":5}},"65":{"start":{"line":187,"column":19},"end":{"line":187,"column":45}},"66":{"start":{"line":189,"column":6},"end":{"line":189,"column":44}},"67":{"start":{"line":189,"column":17},"end":{"line":189,"column":44}},"68":{"start":{"line":191,"column":6},"end":{"line":191,"column":76}},"69":{"start":{"line":191,"column":49},"end":{"line":191,"column":76}},"70":{"start":{"line":192,"column":74},"end":{"line":192,"column":82}},"71":{"start":{"line":193,"column":27},"end":{"line":202,"column":7}},"72":{"start":{"line":203,"column":6},"end":{"line":203,"column":66}},"73":{"start":{"line":205,"column":6},"end":{"line":205,"column":18}},"74":{"start":{"line":210,"column":15},"end":{"line":210,"column":27}},"75":{"start":{"line":212,"column":4},"end":{"line":222,"column":5}},"76":{"start":{"line":213,"column":34},"end":{"line":217,"column":8}},"77":{"start":{"line":219,"column":6},"end":{"line":219,"column":47}},"78":{"start":{"line":221,"column":6},"end":{"line":221,"column":17}},"79":{"start":{"line":226,"column":15},"end":{"line":226,"column":29}},"80":{"start":{"line":227,"column":4},"end":{"line":239,"column":5}},"81":{"start":{"line":228,"column":19},"end":{"line":228,"column":51}},"82":{"start":{"line":229,"column":6},"end":{"line":229,"column":45}},"83":{"start":{"line":229,"column":17},"end":{"line":229,"column":45}},"84":{"start":{"line":231,"column":6},"end":{"line":236,"column":7}},"85":{"start":{"line":232,"column":8},"end":{"line":232,"column":29}},"86":{"start":{"line":233,"column":8},"end":{"line":233,"column":82}},"87":{"start":{"line":235,"column":8},"end":{"line":235,"column":36}},"88":{"start":{"line":238,"column":6},"end":{"line":238,"column":18}},"89":{"start":{"line":243,"column":4},"end":{"line":262,"column":5}},"90":{"start":{"line":244,"column":27},"end":{"line":249,"column":7}},"91":{"start":{"line":251,"column":27},"end":{"line":256,"column":8}},"92":{"start":{"line":259,"column":6},"end":{"line":259,"column":41}},"93":{"start":{"line":261,"column":6},"end":{"line":261,"column":18}},"94":{"start":{"line":266,"column":4},"end":{"line":282,"column":5}},"95":{"start":{"line":267,"column":17},"end":{"line":267,"column":30}},"96":{"start":{"line":268,"column":30},"end":{"line":268,"column":42}},"97":{"start":{"line":270,"column":34},"end":{"line":275,"column":8}},"98":{"start":{"line":277,"column":6},"end":{"line":277,"column":47}},"99":{"start":{"line":281,"column":6},"end":{"line":281,"column":17}}},"fnMap":{"0":{"name":"(anonymous_0)","decl":{"start":{"line":7,"column":2},"end":{"line":7,"column":3}},"loc":{"start":{"line":7,"column":50},"end":{"line":35,"column":3}},"line":7},"1":{"name":"(anonymous_1)","decl":{"start":{"line":37,"column":2},"end":{"line":37,"column":3}},"loc":{"start":{"line":37,"column":45},"end":{"line":71,"column":3}},"line":37},"2":{"name":"(anonymous_2)","decl":{"start":{"line":73,"column":2},"end":{"line":73,"column":3}},"loc":{"start":{"line":73,"column":47},"end":{"line":81,"column":3}},"line":73},"3":{"name":"(anonymous_3)","decl":{"start":{"line":83,"column":2},"end":{"line":83,"column":3}},"loc":{"start":{"line":83,"column":44},"end":{"line":107,"column":3}},"line":83},"4":{"name":"(anonymous_4)","decl":{"start":{"line":109,"column":2},"end":{"line":109,"column":3}},"loc":{"start":{"line":109,"column":43},"end":{"line":126,"column":3}},"line":109},"5":{"name":"(anonymous_5)","decl":{"start":{"line":128,"column":2},"end":{"line":128,"column":3}},"loc":{"start":{"line":128,"column":44},"end":{"line":157,"column":3}},"line":128},"6":{"name":"(anonymous_6)","decl":{"start":{"line":159,"column":2},"end":{"line":159,"column":3}},"loc":{"start":{"line":159,"column":48},"end":{"line":182,"column":3}},"line":159},"7":{"name":"(anonymous_7)","decl":{"start":{"line":184,"column":2},"end":{"line":184,"column":3}},"loc":{"start":{"line":184,"column":44},"end":{"line":207,"column":3}},"line":184},"8":{"name":"(anonymous_8)","decl":{"start":{"line":209,"column":2},"end":{"line":209,"column":3}},"loc":{"start":{"line":209,"column":50},"end":{"line":223,"column":3}},"line":209},"9":{"name":"(anonymous_9)","decl":{"start":{"line":225,"column":2},"end":{"line":225,"column":3}},"loc":{"start":{"line":225,"column":51},"end":{"line":240,"column":3}},"line":225},"10":{"name":"(anonymous_10)","decl":{"start":{"line":242,"column":2},"end":{"line":242,"column":3}},"loc":{"start":{"line":242,"column":44},"end":{"line":263,"column":3}},"line":242},"11":{"name":"(anonymous_11)","decl":{"start":{"line":265,"column":2},"end":{"line":265,"column":3}},"loc":{"start":{"line":265,"column":47},"end":{"line":283,"column":3}},"line":265}},"branchMap":{"0":{"loc":{"start":{"line":10,"column":6},"end":{"line":10,"column":53}},"type":"if","locations":[{"start":{"line":10,"column":6},"end":{"line":10,"column":53}},{"start":{},"end":{}}],"line":10},"1":{"loc":{"start":{"line":11,"column":6},"end":{"line":11,"column":59}},"type":"if","locations":[{"start":{"line":11,"column":6},"end":{"line":11,"column":59}},{"start":{},"end":{}}],"line":11},"2":{"loc":{"start":{"line":17,"column":6},"end":{"line":17,"column":62}},"type":"if","locations":[{"start":{"line":17,"column":6},"end":{"line":17,"column":62}},{"start":{},"end":{}}],"line":17},"3":{"loc":{"start":{"line":19,"column":6},"end":{"line":19,"column":70}},"type":"if","locations":[{"start":{"line":19,"column":6},"end":{"line":19,"column":70}},{"start":{},"end":{}}],"line":19},"4":{"loc":{"start":{"line":53,"column":14},"end":{"line":53,"column":61}},"type":"cond-expr","locations":[{"start":{"line":53,"column":43},"end":{"line":53,"column":50}},{"start":{"line":53,"column":53},"end":{"line":53,"column":61}}],"line":53},"5":{"loc":{"start":{"line":57,"column":25},"end":{"line":57,"column":73}},"type":"cond-expr","locations":[{"start":{"line":57,"column":54},"end":{"line":57,"column":58}},{"start":{"line":57,"column":61},"end":{"line":57,"column":73}}],"line":57},"6":{"loc":{"start":{"line":86,"column":6},"end":{"line":101,"column":7}},"type":"if","locations":[{"start":{"line":86,"column":6},"end":{"line":101,"column":7}},{"start":{"line":92,"column":13},"end":{"line":101,"column":7}}],"line":86},"7":{"loc":{"start":{"line":92,"column":13},"end":{"line":101,"column":7}},"type":"if","locations":[{"start":{"line":92,"column":13},"end":{"line":101,"column":7}},{"start":{"line":99,"column":13},"end":{"line":101,"column":7}}],"line":92},"8":{"loc":{"start":{"line":134,"column":6},"end":{"line":134,"column":45}},"type":"if","locations":[{"start":{"line":134,"column":6},"end":{"line":134,"column":45}},{"start":{},"end":{}}],"line":134},"9":{"loc":{"start":{"line":136,"column":6},"end":{"line":136,"column":77}},"type":"if","locations":[{"start":{"line":136,"column":6},"end":{"line":136,"column":77}},{"start":{},"end":{}}],"line":136},"10":{"loc":{"start":{"line":139,"column":6},"end":{"line":152,"column":7}},"type":"if","locations":[{"start":{"line":139,"column":6},"end":{"line":152,"column":7}},{"start":{"line":150,"column":13},"end":{"line":152,"column":7}}],"line":139},"11":{"loc":{"start":{"line":189,"column":6},"end":{"line":189,"column":44}},"type":"if","locations":[{"start":{"line":189,"column":6},"end":{"line":189,"column":44}},{"start":{},"end":{}}],"line":189},"12":{"loc":{"start":{"line":191,"column":6},"end":{"line":191,"column":76}},"type":"if","locations":[{"start":{"line":191,"column":6},"end":{"line":191,"column":76}},{"start":{},"end":{}}],"line":191},"13":{"loc":{"start":{"line":229,"column":6},"end":{"line":229,"column":45}},"type":"if","locations":[{"start":{"line":229,"column":6},"end":{"line":229,"column":45}},{"start":{},"end":{}}],"line":229},"14":{"loc":{"start":{"line":231,"column":6},"end":{"line":236,"column":7}},"type":"if","locations":[{"start":{"line":231,"column":6},"end":{"line":236,"column":7}},{"start":{"line":234,"column":13},"end":{"line":236,"column":7}}],"line":231},"15":{"loc":{"start":{"line":231,"column":10},"end":{"line":231,"column":80}},"type":"binary-expr","locations":[{"start":{"line":231,"column":10},"end":{"line":231,"column":47}},{"start":{"line":231,"column":51},"end":{"line":231,"column":80}}],"line":231}},"s":{"0":3,"1":3,"2":3,"3":3,"4":3,"5":5,"6":5,"7":5,"8":1,"9":4,"10":1,"11":3,"12":3,"13":1,"14":2,"15":2,"16":1,"17":1,"18":1,"19":4,"20":7,"21":7,"22":7,"23":7,"24":7,"25":7,"26":1,"27":6,"28":1,"29":1,"30":1,"31":0,"32":3,"33":3,"34":1,"35":2,"36":1,"37":1,"38":2,"39":1,"40":7,"41":7,"42":7,"43":2,"44":5,"45":1,"46":1,"47":1,"48":1,"49":0,"50":1,"51":0,"52":1,"53":1,"54":1,"55":1,"56":0,"57":0,"58":1,"59":1,"60":1,"61":1,"62":0,"63":2,"64":2,"65":2,"66":2,"67":1,"68":1,"69":0,"70":1,"71":1,"72":1,"73":1,"74":1,"75":1,"76":1,"77":1,"78":0,"79":3,"80":3,"81":3,"82":3,"83":1,"84":2,"85":1,"86":1,"87":1,"88":2,"89":1,"90":1,"91":1,"92":1,"93":0,"94":0,"95":0,"96":0,"97":0,"98":0,"99":0},"f":{"0":5,"1":7,"2":1,"3":3,"4":7,"5":1,"6":1,"7":2,"8":1,"9":3,"10":1,"11":0},"b":{"0":[1,4],"1":[1,3],"2":[1,2],"3":[1,1],"4":[7,0],"5":[7,0],"6":[1,2],"7":[1,1],"8":[0,1],"9":[0,1],"10":[1,0],"11":[1,1],"12":[0,1],"13":[1,2],"14":[1,1],"15":[2,1]},"_coverageSchema":"1a1c01bbd47fc00a2c39e90264f33305004495a9","hash":"df2a31efcec5cc1c65b59448fc702dab7b20b1ed"}
,"/Users/adelaulia/Desktop/PHASE3/fopy/Fopy/controllers/driverController.js": {"path":"/Users/adelaulia/Desktop/PHASE3/fopy/Fopy/controllers/driverController.js","statementMap":{"0":{"start":{"line":1,"column":28},"end":{"line":1,"column":56}},"1":{"start":{"line":2,"column":37},"end":{"line":2,"column":62}},"2":{"start":{"line":3,"column":33},"end":{"line":3,"column":53}},"3":{"start":{"line":7,"column":4},"end":{"line":50,"column":5}},"4":{"start":{"line":8,"column":34},"end":{"line":8,"column":42}},"5":{"start":{"line":10,"column":6},"end":{"line":12,"column":7}},"6":{"start":{"line":11,"column":8},"end":{"line":11,"column":41}},"7":{"start":{"line":13,"column":6},"end":{"line":15,"column":7}},"8":{"start":{"line":14,"column":8},"end":{"line":14,"column":44}},"9":{"start":{"line":17,"column":21},"end":{"line":21,"column":8}},"10":{"start":{"line":23,"column":6},"end":{"line":25,"column":7}},"11":{"start":{"line":24,"column":8},"end":{"line":24,"column":39}},"12":{"start":{"line":28,"column":30},"end":{"line":28,"column":72}},"13":{"start":{"line":30,"column":6},"end":{"line":32,"column":7}},"14":{"start":{"line":31,"column":8},"end":{"line":31,"column":39}},"15":{"start":{"line":35,"column":27},"end":{"line":39,"column":8}},"16":{"start":{"line":41,"column":6},"end":{"line":47,"column":9}},"17":{"start":{"line":49,"column":6},"end":{"line":49,"column":18}},"18":{"start":{"line":53,"column":4},"end":{"line":64,"column":5}},"19":{"start":{"line":55,"column":21},"end":{"line":59,"column":8}},"20":{"start":{"line":61,"column":6},"end":{"line":61,"column":22}},"21":{"start":{"line":63,"column":6},"end":{"line":63,"column":18}},"22":{"start":{"line":67,"column":4},"end":{"line":85,"column":5}},"23":{"start":{"line":68,"column":21},"end":{"line":68,"column":31}},"24":{"start":{"line":69,"column":25},"end":{"line":69,"column":33}},"25":{"start":{"line":70,"column":19},"end":{"line":70,"column":30}},"26":{"start":{"line":72,"column":20},"end":{"line":72,"column":44}},"27":{"start":{"line":74,"column":6},"end":{"line":74,"column":45}},"28":{"start":{"line":74,"column":18},"end":{"line":74,"column":45}},"29":{"start":{"line":76,"column":6},"end":{"line":80,"column":8}},"30":{"start":{"line":82,"column":6},"end":{"line":82,"column":73}},"31":{"start":{"line":84,"column":6},"end":{"line":84,"column":18}},"32":{"start":{"line":89,"column":0},"end":{"line":89,"column":34}}},"fnMap":{"0":{"name":"(anonymous_0)","decl":{"start":{"line":6,"column":2},"end":{"line":6,"column":3}},"loc":{"start":{"line":6,"column":37},"end":{"line":51,"column":3}},"line":6},"1":{"name":"(anonymous_1)","decl":{"start":{"line":52,"column":2},"end":{"line":52,"column":3}},"loc":{"start":{"line":52,"column":43},"end":{"line":65,"column":3}},"line":52},"2":{"name":"(anonymous_2)","decl":{"start":{"line":66,"column":2},"end":{"line":66,"column":3}},"loc":{"start":{"line":66,"column":44},"end":{"line":86,"column":3}},"line":66}},"branchMap":{"0":{"loc":{"start":{"line":10,"column":6},"end":{"line":12,"column":7}},"type":"if","locations":[{"start":{"line":10,"column":6},"end":{"line":12,"column":7}},{"start":{},"end":{}}],"line":10},"1":{"loc":{"start":{"line":13,"column":6},"end":{"line":15,"column":7}},"type":"if","locations":[{"start":{"line":13,"column":6},"end":{"line":15,"column":7}},{"start":{},"end":{}}],"line":13},"2":{"loc":{"start":{"line":23,"column":6},"end":{"line":25,"column":7}},"type":"if","locations":[{"start":{"line":23,"column":6},"end":{"line":25,"column":7}},{"start":{},"end":{}}],"line":23},"3":{"loc":{"start":{"line":30,"column":6},"end":{"line":32,"column":7}},"type":"if","locations":[{"start":{"line":30,"column":6},"end":{"line":32,"column":7}},{"start":{},"end":{}}],"line":30},"4":{"loc":{"start":{"line":74,"column":6},"end":{"line":74,"column":45}},"type":"if","locations":[{"start":{"line":74,"column":6},"end":{"line":74,"column":45}},{"start":{},"end":{}}],"line":74}},"s":{"0":3,"1":3,"2":3,"3":5,"4":5,"5":5,"6":1,"7":4,"8":1,"9":3,"10":3,"11":1,"12":2,"13":2,"14":1,"15":1,"16":1,"17":4,"18":0,"19":0,"20":0,"21":0,"22":0,"23":0,"24":0,"25":0,"26":0,"27":0,"28":0,"29":0,"30":0,"31":0,"32":3},"f":{"0":5,"1":0,"2":0},"b":{"0":[1,4],"1":[1,3],"2":[1,2],"3":[1,1],"4":[0,0]},"_coverageSchema":"1a1c01bbd47fc00a2c39e90264f33305004495a9","hash":"c2d69267c9bd124ad21ad18c08ddebd4821b2bdb"}
,"/Users/adelaulia/Desktop/PHASE3/fopy/Fopy/controllers/userController.js": {"path":"/Users/adelaulia/Desktop/PHASE3/fopy/Fopy/controllers/userController.js","statementMap":{"0":{"start":{"line":7,"column":4},"end":{"line":7,"column":24}},"1":{"start":{"line":8,"column":15},"end":{"line":8,"column":34}},"2":{"start":{"line":9,"column":22},"end":{"line":9,"column":47}},"3":{"start":{"line":10,"column":42},"end":{"line":10,"column":70}},"4":{"start":{"line":11,"column":22},"end":{"line":11,"column":42}},"5":{"start":{"line":18,"column":4},"end":{"line":49,"column":5}},"6":{"start":{"line":19,"column":61},"end":{"line":19,"column":69}},"7":{"start":{"line":21,"column":6},"end":{"line":24,"column":7}},"8":{"start":{"line":22,"column":8},"end":{"line":22,"column":70}},"9":{"start":{"line":23,"column":8},"end":{"line":23,"column":15}},"10":{"start":{"line":26,"column":6},"end":{"line":29,"column":7}},"11":{"start":{"line":27,"column":8},"end":{"line":27,"column":67}},"12":{"start":{"line":28,"column":8},"end":{"line":28,"column":15}},"13":{"start":{"line":31,"column":6},"end":{"line":34,"column":7}},"14":{"start":{"line":32,"column":8},"end":{"line":32,"column":70}},"15":{"start":{"line":33,"column":8},"end":{"line":33,"column":15}},"16":{"start":{"line":36,"column":22},"end":{"line":42,"column":8}},"17":{"start":{"line":44,"column":6},"end":{"line":46,"column":9}},"18":{"start":{"line":48,"column":6},"end":{"line":48,"column":18}},"19":{"start":{"line":54,"column":4},"end":{"line":93,"column":5}},"20":{"start":{"line":55,"column":34},"end":{"line":55,"column":42}},"21":{"start":{"line":58,"column":6},"end":{"line":61,"column":7}},"22":{"start":{"line":59,"column":8},"end":{"line":59,"column":69}},"23":{"start":{"line":60,"column":8},"end":{"line":60,"column":15}},"24":{"start":{"line":62,"column":6},"end":{"line":65,"column":7}},"25":{"start":{"line":63,"column":8},"end":{"line":63,"column":72}},"26":{"start":{"line":64,"column":8},"end":{"line":64,"column":15}},"27":{"start":{"line":68,"column":21},"end":{"line":68,"column":68}},"28":{"start":{"line":69,"column":6},"end":{"line":72,"column":7}},"29":{"start":{"line":70,"column":8},"end":{"line":70,"column":76}},"30":{"start":{"line":71,"column":8},"end":{"line":71,"column":15}},"31":{"start":{"line":75,"column":26},"end":{"line":75,"column":69}},"32":{"start":{"line":77,"column":6},"end":{"line":80,"column":7}},"33":{"start":{"line":78,"column":8},"end":{"line":78,"column":76}},"34":{"start":{"line":79,"column":8},"end":{"line":79,"column":15}},"35":{"start":{"line":83,"column":27},"end":{"line":87,"column":8}},"36":{"start":{"line":90,"column":6},"end":{"line":90,"column":45}},"37":{"start":{"line":92,"column":6},"end":{"line":92,"column":18}},"38":{"start":{"line":98,"column":14},"end":{"line":98,"column":43}},"39":{"start":{"line":100,"column":4},"end":{"line":160,"column":5}},"40":{"start":{"line":101,"column":34},"end":{"line":101,"column":42}},"41":{"start":{"line":103,"column":28},"end":{"line":114,"column":7}},"42":{"start":{"line":116,"column":23},"end":{"line":116,"column":24}},"43":{"start":{"line":118,"column":6},"end":{"line":132,"column":7}},"44":{"start":{"line":119,"column":24},"end":{"line":119,"column":65}},"45":{"start":{"line":120,"column":34},"end":{"line":120,"column":67}},"46":{"start":{"line":121,"column":8},"end":{"line":121,"column":40}},"47":{"start":{"line":122,"column":8},"end":{"line":131,"column":10}},"48":{"start":{"line":134,"column":6},"end":{"line":134,"column":69}},"49":{"start":{"line":137,"column":19},"end":{"line":137,"column":51}},"50":{"start":{"line":139,"column":6},"end":{"line":142,"column":7}},"51":{"start":{"line":140,"column":8},"end":{"line":140,"column":56}},"52":{"start":{"line":141,"column":8},"end":{"line":141,"column":47}},"53":{"start":{"line":144,"column":6},"end":{"line":144,"column":33}},"54":{"start":{"line":145,"column":6},"end":{"line":145,"column":42}},"55":{"start":{"line":148,"column":28},"end":{"line":148,"column":79}},"56":{"start":{"line":149,"column":6},"end":{"line":149,"column":42}},"57":{"start":{"line":150,"column":6},"end":{"line":150,"column":51}},"58":{"start":{"line":152,"column":6},"end":{"line":152,"column":23}},"59":{"start":{"line":154,"column":6},"end":{"line":156,"column":9}},"60":{"start":{"line":158,"column":6},"end":{"line":158,"column":25}},"61":{"start":{"line":159,"column":6},"end":{"line":159,"column":18}},"62":{"start":{"line":167,"column":4},"end":{"line":206,"column":5}},"63":{"start":{"line":168,"column":61},"end":{"line":168,"column":69}},"64":{"start":{"line":170,"column":6},"end":{"line":173,"column":7}},"65":{"start":{"line":171,"column":8},"end":{"line":171,"column":70}},"66":{"start":{"line":172,"column":8},"end":{"line":172,"column":15}},"67":{"start":{"line":175,"column":6},"end":{"line":178,"column":7}},"68":{"start":{"line":176,"column":8},"end":{"line":176,"column":67}},"69":{"start":{"line":177,"column":8},"end":{"line":177,"column":15}},"70":{"start":{"line":180,"column":6},"end":{"line":183,"column":7}},"71":{"start":{"line":181,"column":8},"end":{"line":181,"column":70}},"72":{"start":{"line":182,"column":8},"end":{"line":182,"column":15}},"73":{"start":{"line":185,"column":6},"end":{"line":188,"column":7}},"74":{"start":{"line":186,"column":8},"end":{"line":186,"column":67}},"75":{"start":{"line":187,"column":8},"end":{"line":187,"column":15}},"76":{"start":{"line":190,"column":23},"end":{"line":199,"column":7}},"77":{"start":{"line":201,"column":6},"end":{"line":203,"column":9}},"78":{"start":{"line":205,"column":6},"end":{"line":205,"column":18}},"79":{"start":{"line":213,"column":4},"end":{"line":222,"column":5}},"80":{"start":{"line":214,"column":23},"end":{"line":217,"column":8}},"81":{"start":{"line":219,"column":6},"end":{"line":219,"column":37}},"82":{"start":{"line":221,"column":6},"end":{"line":221,"column":18}},"83":{"start":{"line":227,"column":4},"end":{"line":232,"column":5}},"84":{"start":{"line":228,"column":23},"end":{"line":228,"column":78}},"85":{"start":{"line":229,"column":6},"end":{"line":229,"column":37}},"86":{"start":{"line":231,"column":6},"end":{"line":231,"column":18}},"87":{"start":{"line":236,"column":0},"end":{"line":236,"column":32}}},"fnMap":{"0":{"name":"(anonymous_0)","decl":{"start":{"line":17,"column":2},"end":{"line":17,"column":3}},"loc":{"start":{"line":17,"column":40},"end":{"line":50,"column":3}},"line":17},"1":{"name":"(anonymous_1)","decl":{"start":{"line":53,"column":2},"end":{"line":53,"column":3}},"loc":{"start":{"line":53,"column":37},"end":{"line":94,"column":3}},"line":53},"2":{"name":"(anonymous_2)","decl":{"start":{"line":97,"column":2},"end":{"line":97,"column":3}},"loc":{"start":{"line":97,"column":40},"end":{"line":161,"column":3}},"line":97},"3":{"name":"(anonymous_3)","decl":{"start":{"line":166,"column":2},"end":{"line":166,"column":3}},"loc":{"start":{"line":166,"column":42},"end":{"line":207,"column":3}},"line":166},"4":{"name":"(anonymous_4)","decl":{"start":{"line":212,"column":2},"end":{"line":212,"column":3}},"loc":{"start":{"line":212,"column":39},"end":{"line":223,"column":3}},"line":212},"5":{"name":"(anonymous_5)","decl":{"start":{"line":226,"column":2},"end":{"line":226,"column":3}},"loc":{"start":{"line":226,"column":40},"end":{"line":233,"column":3}},"line":226}},"branchMap":{"0":{"loc":{"start":{"line":21,"column":6},"end":{"line":24,"column":7}},"type":"if","locations":[{"start":{"line":21,"column":6},"end":{"line":24,"column":7}},{"start":{},"end":{}}],"line":21},"1":{"loc":{"start":{"line":26,"column":6},"end":{"line":29,"column":7}},"type":"if","locations":[{"start":{"line":26,"column":6},"end":{"line":29,"column":7}},{"start":{},"end":{}}],"line":26},"2":{"loc":{"start":{"line":31,"column":6},"end":{"line":34,"column":7}},"type":"if","locations":[{"start":{"line":31,"column":6},"end":{"line":34,"column":7}},{"start":{},"end":{}}],"line":31},"3":{"loc":{"start":{"line":58,"column":6},"end":{"line":61,"column":7}},"type":"if","locations":[{"start":{"line":58,"column":6},"end":{"line":61,"column":7}},{"start":{},"end":{}}],"line":58},"4":{"loc":{"start":{"line":62,"column":6},"end":{"line":65,"column":7}},"type":"if","locations":[{"start":{"line":62,"column":6},"end":{"line":65,"column":7}},{"start":{},"end":{}}],"line":62},"5":{"loc":{"start":{"line":69,"column":6},"end":{"line":72,"column":7}},"type":"if","locations":[{"start":{"line":69,"column":6},"end":{"line":72,"column":7}},{"start":{},"end":{}}],"line":69},"6":{"loc":{"start":{"line":77,"column":6},"end":{"line":80,"column":7}},"type":"if","locations":[{"start":{"line":77,"column":6},"end":{"line":80,"column":7}},{"start":{},"end":{}}],"line":77},"7":{"loc":{"start":{"line":139,"column":6},"end":{"line":142,"column":7}},"type":"if","locations":[{"start":{"line":139,"column":6},"end":{"line":142,"column":7}},{"start":{},"end":{}}],"line":139},"8":{"loc":{"start":{"line":170,"column":6},"end":{"line":173,"column":7}},"type":"if","locations":[{"start":{"line":170,"column":6},"end":{"line":173,"column":7}},{"start":{},"end":{}}],"line":170},"9":{"loc":{"start":{"line":175,"column":6},"end":{"line":178,"column":7}},"type":"if","locations":[{"start":{"line":175,"column":6},"end":{"line":178,"column":7}},{"start":{},"end":{}}],"line":175},"10":{"loc":{"start":{"line":180,"column":6},"end":{"line":183,"column":7}},"type":"if","locations":[{"start":{"line":180,"column":6},"end":{"line":183,"column":7}},{"start":{},"end":{}}],"line":180},"11":{"loc":{"start":{"line":185,"column":6},"end":{"line":188,"column":7}},"type":"if","locations":[{"start":{"line":185,"column":6},"end":{"line":188,"column":7}},{"start":{},"end":{}}],"line":185}},"s":{"0":3,"1":3,"2":3,"3":3,"4":3,"5":5,"6":5,"7":5,"8":1,"9":1,"10":4,"11":1,"12":1,"13":3,"14":1,"15":1,"16":2,"17":1,"18":1,"19":6,"20":6,"21":6,"22":1,"23":1,"24":5,"25":1,"26":1,"27":4,"28":3,"29":1,"30":1,"31":2,"32":2,"33":1,"34":1,"35":1,"36":1,"37":1,"38":1,"39":1,"40":1,"41":1,"42":1,"43":1,"44":2,"45":2,"46":2,"47":2,"48":1,"49":1,"50":1,"51":0,"52":0,"53":1,"54":1,"55":1,"56":1,"57":1,"58":1,"59":1,"60":0,"61":0,"62":5,"63":5,"64":5,"65":1,"66":1,"67":4,"68":1,"69":1,"70":3,"71":1,"72":1,"73":2,"74":1,"75":1,"76":1,"77":1,"78":0,"79":0,"80":0,"81":0,"82":0,"83":1,"84":1,"85":1,"86":0,"87":3},"f":{"0":5,"1":6,"2":1,"3":5,"4":0,"5":1},"b":{"0":[1,4],"1":[1,3],"2":[1,2],"3":[1,5],"4":[1,4],"5":[1,2],"6":[1,1],"7":[0,1],"8":[1,4],"9":[1,3],"10":[1,2],"11":[1,1]},"_coverageSchema":"1a1c01bbd47fc00a2c39e90264f33305004495a9","hash":"3b7af6336ea7edab245cfee6bc661b7d756507a4"}
,"/Users/adelaulia/Desktop/PHASE3/fopy/Fopy/helpers/bcrypt.js": {"path":"/Users/adelaulia/Desktop/PHASE3/fopy/Fopy/helpers/bcrypt.js","statementMap":{"0":{"start":{"line":1,"column":15},"end":{"line":1,"column":34}},"1":{"start":{"line":2,"column":13},"end":{"line":2,"column":34}},"2":{"start":{"line":4,"column":21},"end":{"line":6,"column":1}},"3":{"start":{"line":5,"column":2},"end":{"line":5,"column":40}},"4":{"start":{"line":8,"column":24},"end":{"line":10,"column":1}},"5":{"start":{"line":9,"column":2},"end":{"line":9,"column":54}},"6":{"start":{"line":12,"column":0},"end":{"line":15,"column":1}}},"fnMap":{"0":{"name":"(anonymous_0)","decl":{"start":{"line":4,"column":21},"end":{"line":4,"column":22}},"loc":{"start":{"line":4,"column":35},"end":{"line":6,"column":1}},"line":4},"1":{"name":"(anonymous_1)","decl":{"start":{"line":8,"column":24},"end":{"line":8,"column":25}},"loc":{"start":{"line":8,"column":54},"end":{"line":10,"column":1}},"line":8}},"branchMap":{},"s":{"0":3,"1":3,"2":3,"3":15,"4":3,"5":4,"6":3},"f":{"0":15,"1":4},"b":{},"_coverageSchema":"1a1c01bbd47fc00a2c39e90264f33305004495a9","hash":"0b81e4eee6c1901fbae4b4eed79b9a6866f7a8f6"}
,"/Users/adelaulia/Desktop/PHASE3/fopy/Fopy/helpers/bulkInsertAdmin.js": {"path":"/Users/adelaulia/Desktop/PHASE3/fopy/Fopy/helpers/bulkInsertAdmin.js","statementMap":{"0":{"start":{"line":1,"column":59},"end":{"line":1,"column":79}},"1":{"start":{"line":2,"column":25},"end":{"line":2,"column":53}},"2":{"start":{"line":5,"column":2},"end":{"line":9,"column":5}},"3":{"start":{"line":10,"column":2},"end":{"line":14,"column":5}},"4":{"start":{"line":16,"column":2},"end":{"line":20,"column":5}},"5":{"start":{"line":22,"column":2},"end":{"line":26,"column":5}},"6":{"start":{"line":28,"column":2},"end":{"line":68,"column":5}},"7":{"start":{"line":70,"column":2},"end":{"line":85,"column":5}},"8":{"start":{"line":87,"column":2},"end":{"line":107,"column":5}},"9":{"start":{"line":109,"column":2},"end":{"line":134,"column":5}},"10":{"start":{"line":137,"column":0},"end":{"line":137,"column":33}}},"fnMap":{"0":{"name":"bulkInsertAdmin","decl":{"start":{"line":4,"column":15},"end":{"line":4,"column":30}},"loc":{"start":{"line":4,"column":33},"end":{"line":135,"column":1}},"line":4}},"branchMap":{},"s":{"0":1,"1":1,"2":1,"3":1,"4":1,"5":1,"6":1,"7":1,"8":1,"9":1,"10":1},"f":{"0":1},"b":{},"_coverageSchema":"1a1c01bbd47fc00a2c39e90264f33305004495a9","hash":"f40f175d9a946fd2bef875d461fa1b51fedc9d8b"}
,"/Users/adelaulia/Desktop/PHASE3/fopy/Fopy/helpers/jwt.js": {"path":"/Users/adelaulia/Desktop/PHASE3/fopy/Fopy/helpers/jwt.js","statementMap":{"0":{"start":{"line":1,"column":12},"end":{"line":1,"column":35}},"1":{"start":{"line":3,"column":15},"end":{"line":3,"column":48}},"2":{"start":{"line":5,"column":18},"end":{"line":7,"column":1}},"3":{"start":{"line":6,"column":2},"end":{"line":6,"column":32}},"4":{"start":{"line":9,"column":20},"end":{"line":11,"column":1}},"5":{"start":{"line":10,"column":2},"end":{"line":10,"column":35}},"6":{"start":{"line":13,"column":0},"end":{"line":13,"column":43}}},"fnMap":{"0":{"name":"(anonymous_0)","decl":{"start":{"line":5,"column":18},"end":{"line":5,"column":19}},"loc":{"start":{"line":5,"column":28},"end":{"line":7,"column":1}},"line":5},"1":{"name":"(anonymous_1)","decl":{"start":{"line":9,"column":20},"end":{"line":9,"column":21}},"loc":{"start":{"line":9,"column":31},"end":{"line":11,"column":1}},"line":9}},"branchMap":{"0":{"loc":{"start":{"line":3,"column":15},"end":{"line":3,"column":48}},"type":"binary-expr","locations":[{"start":{"line":3,"column":15},"end":{"line":3,"column":33}},{"start":{"line":3,"column":37},"end":{"line":3,"column":48}}],"line":3}},"s":{"0":3,"1":3,"2":3,"3":7,"4":3,"5":46,"6":3},"f":{"0":7,"1":46},"b":{"0":[3,0]},"_coverageSchema":"1a1c01bbd47fc00a2c39e90264f33305004495a9","hash":"4a5e282f04eabb3a89f746a01887de3cd4180cab"}
,"/Users/adelaulia/Desktop/PHASE3/fopy/Fopy/middlewares/authentication.js": {"path":"/Users/adelaulia/Desktop/PHASE3/fopy/Fopy/middlewares/authentication.js","statementMap":{"0":{"start":{"line":1,"column":35},"end":{"line":1,"column":60}},"1":{"start":{"line":2,"column":32},"end":{"line":2,"column":52}},"2":{"start":{"line":4,"column":28},"end":{"line":32,"column":1}},"3":{"start":{"line":5,"column":2},"end":{"line":31,"column":3}},"4":{"start":{"line":6,"column":29},"end":{"line":6,"column":40}},"5":{"start":{"line":7,"column":4},"end":{"line":28,"column":5}},"6":{"start":{"line":9,"column":8},"end":{"line":9,"column":39}},"7":{"start":{"line":13,"column":24},"end":{"line":13,"column":49}},"8":{"start":{"line":14,"column":35},"end":{"line":18,"column":8}},"9":{"start":{"line":19,"column":6},"end":{"line":27,"column":7}},"10":{"start":{"line":21,"column":10},"end":{"line":21,"column":41}},"11":{"start":{"line":25,"column":8},"end":{"line":25,"column":40}},"12":{"start":{"line":26,"column":8},"end":{"line":26,"column":14}},"13":{"start":{"line":30,"column":4},"end":{"line":30,"column":15}},"14":{"start":{"line":34,"column":23},"end":{"line":53,"column":1}},"15":{"start":{"line":35,"column":2},"end":{"line":52,"column":3}},"16":{"start":{"line":36,"column":35},"end":{"line":36,"column":46}},"17":{"start":{"line":38,"column":4},"end":{"line":38,"column":55}},"18":{"start":{"line":38,"column":23},"end":{"line":38,"column":55}},"19":{"start":{"line":40,"column":19},"end":{"line":40,"column":64}},"20":{"start":{"line":42,"column":17},"end":{"line":42,"column":56}},"21":{"start":{"line":44,"column":4},"end":{"line":44,"column":47}},"22":{"start":{"line":44,"column":15},"end":{"line":44,"column":47}},"23":{"start":{"line":47,"column":4},"end":{"line":47,"column":20}},"24":{"start":{"line":49,"column":4},"end":{"line":49,"column":11}},"25":{"start":{"line":51,"column":4},"end":{"line":51,"column":16}},"26":{"start":{"line":55,"column":27},"end":{"line":81,"column":1}},"27":{"start":{"line":56,"column":2},"end":{"line":80,"column":3}},"28":{"start":{"line":58,"column":29},"end":{"line":58,"column":40}},"29":{"start":{"line":60,"column":4},"end":{"line":62,"column":5}},"30":{"start":{"line":61,"column":6},"end":{"line":61,"column":56}},"31":{"start":{"line":65,"column":19},"end":{"line":65,"column":44}},"32":{"start":{"line":68,"column":17},"end":{"line":68,"column":71}},"33":{"start":{"line":70,"column":4},"end":{"line":72,"column":5}},"34":{"start":{"line":71,"column":6},"end":{"line":71,"column":56}},"35":{"start":{"line":74,"column":4},"end":{"line":74,"column":19}},"36":{"start":{"line":77,"column":4},"end":{"line":77,"column":10}},"37":{"start":{"line":79,"column":4},"end":{"line":79,"column":15}},"38":{"start":{"line":83,"column":0},"end":{"line":83,"column":77}}},"fnMap":{"0":{"name":"(anonymous_0)","decl":{"start":{"line":4,"column":28},"end":{"line":4,"column":29}},"loc":{"start":{"line":4,"column":54},"end":{"line":32,"column":1}},"line":4},"1":{"name":"(anonymous_1)","decl":{"start":{"line":34,"column":23},"end":{"line":34,"column":24}},"loc":{"start":{"line":34,"column":49},"end":{"line":53,"column":1}},"line":34},"2":{"name":"(anonymous_2)","decl":{"start":{"line":55,"column":27},"end":{"line":55,"column":28}},"loc":{"start":{"line":55,"column":53},"end":{"line":81,"column":1}},"line":55}},"branchMap":{"0":{"loc":{"start":{"line":7,"column":4},"end":{"line":28,"column":5}},"type":"if","locations":[{"start":{"line":7,"column":4},"end":{"line":28,"column":5}},{"start":{"line":12,"column":9},"end":{"line":28,"column":5}}],"line":7},"1":{"loc":{"start":{"line":19,"column":6},"end":{"line":27,"column":7}},"type":"if","locations":[{"start":{"line":19,"column":6},"end":{"line":27,"column":7}},{"start":{"line":24,"column":11},"end":{"line":27,"column":7}}],"line":19},"2":{"loc":{"start":{"line":38,"column":4},"end":{"line":38,"column":55}},"type":"if","locations":[{"start":{"line":38,"column":4},"end":{"line":38,"column":55}},{"start":{},"end":{}}],"line":38},"3":{"loc":{"start":{"line":44,"column":4},"end":{"line":44,"column":47}},"type":"if","locations":[{"start":{"line":44,"column":4},"end":{"line":44,"column":47}},{"start":{},"end":{}}],"line":44},"4":{"loc":{"start":{"line":60,"column":4},"end":{"line":62,"column":5}},"type":"if","locations":[{"start":{"line":60,"column":4},"end":{"line":62,"column":5}},{"start":{},"end":{}}],"line":60},"5":{"loc":{"start":{"line":70,"column":4},"end":{"line":72,"column":5}},"type":"if","locations":[{"start":{"line":70,"column":4},"end":{"line":72,"column":5}},{"start":{},"end":{}}],"line":70}},"s":{"0":3,"1":3,"2":3,"3":37,"4":37,"5":37,"6":9,"7":28,"8":27,"9":27,"10":0,"11":27,"12":27,"13":10,"14":3,"15":8,"16":8,"17":8,"18":2,"19":6,"20":0,"21":0,"22":0,"23":0,"24":0,"25":8,"26":3,"27":12,"28":12,"29":12,"30":1,"31":12,"32":9,"33":9,"34":0,"35":9,"36":9,"37":3,"38":3},"f":{"0":37,"1":8,"2":12},"b":{"0":[9,28],"1":[0,27],"2":[2,6],"3":[0,0],"4":[1,11],"5":[0,9]},"_coverageSchema":"1a1c01bbd47fc00a2c39e90264f33305004495a9","hash":"c2211db965138d19a916c9d9cc8b0b2177a7a410"}
,"/Users/adelaulia/Desktop/PHASE3/fopy/Fopy/middlewares/authorization.js": {"path":"/Users/adelaulia/Desktop/PHASE3/fopy/Fopy/middlewares/authorization.js","statementMap":{"0":{"start":{"line":1,"column":27},"end":{"line":1,"column":47}},"1":{"start":{"line":3,"column":22},"end":{"line":16,"column":1}},"2":{"start":{"line":4,"column":2},"end":{"line":15,"column":3}},"3":{"start":{"line":5,"column":19},"end":{"line":5,"column":29}},"4":{"start":{"line":6,"column":17},"end":{"line":6,"column":41}},"5":{"start":{"line":8,"column":4},"end":{"line":8,"column":43}},"6":{"start":{"line":8,"column":15},"end":{"line":8,"column":43}},"7":{"start":{"line":10,"column":4},"end":{"line":10,"column":74}},"8":{"start":{"line":10,"column":46},"end":{"line":10,"column":74}},"9":{"start":{"line":12,"column":4},"end":{"line":12,"column":11}},"10":{"start":{"line":14,"column":4},"end":{"line":14,"column":16}},"11":{"start":{"line":18,"column":29},"end":{"line":27,"column":1}},"12":{"start":{"line":19,"column":2},"end":{"line":25,"column":3}},"13":{"start":{"line":20,"column":4},"end":{"line":22,"column":5}},"14":{"start":{"line":21,"column":6},"end":{"line":21,"column":12}},"15":{"start":{"line":24,"column":4},"end":{"line":24,"column":15}},"16":{"start":{"line":31,"column":0},"end":{"line":31,"column":57}}},"fnMap":{"0":{"name":"(anonymous_0)","decl":{"start":{"line":3,"column":22},"end":{"line":3,"column":23}},"loc":{"start":{"line":3,"column":48},"end":{"line":16,"column":1}},"line":3},"1":{"name":"(anonymous_1)","decl":{"start":{"line":18,"column":29},"end":{"line":18,"column":30}},"loc":{"start":{"line":18,"column":55},"end":{"line":27,"column":1}},"line":18}},"branchMap":{"0":{"loc":{"start":{"line":8,"column":4},"end":{"line":8,"column":43}},"type":"if","locations":[{"start":{"line":8,"column":4},"end":{"line":8,"column":43}},{"start":{},"end":{}}],"line":8},"1":{"loc":{"start":{"line":10,"column":4},"end":{"line":10,"column":74}},"type":"if","locations":[{"start":{"line":10,"column":4},"end":{"line":10,"column":74}},{"start":{},"end":{}}],"line":10},"2":{"loc":{"start":{"line":20,"column":4},"end":{"line":22,"column":5}},"type":"if","locations":[{"start":{"line":20,"column":4},"end":{"line":22,"column":5}},{"start":{},"end":{}}],"line":20}},"s":{"0":3,"1":3,"2":0,"3":0,"4":0,"5":0,"6":0,"7":0,"8":0,"9":0,"10":0,"11":3,"12":3,"13":3,"14":3,"15":0,"16":3},"f":{"0":0,"1":3},"b":{"0":[0,0],"1":[0,0],"2":[3,0]},"_coverageSchema":"1a1c01bbd47fc00a2c39e90264f33305004495a9","hash":"322ecaad81a3e63327d45858c551b3418db2a382"}
,"/Users/adelaulia/Desktop/PHASE3/fopy/Fopy/middlewares/errorHandler.js": {"path":"/Users/adelaulia/Desktop/PHASE3/fopy/Fopy/middlewares/errorHandler.js","statementMap":{"0":{"start":{"line":1,"column":21},"end":{"line":49,"column":1}},"1":{"start":{"line":2,"column":2},"end":{"line":48,"column":3}},"2":{"start":{"line":6,"column":4},"end":{"line":8,"column":7}},"3":{"start":{"line":9,"column":9},"end":{"line":48,"column":3}},"4":{"start":{"line":10,"column":4},"end":{"line":10,"column":59}},"5":{"start":{"line":11,"column":9},"end":{"line":48,"column":3}},"6":{"start":{"line":12,"column":4},"end":{"line":12,"column":62}},"7":{"start":{"line":13,"column":9},"end":{"line":48,"column":3}},"8":{"start":{"line":14,"column":4},"end":{"line":14,"column":64}},"9":{"start":{"line":15,"column":9},"end":{"line":48,"column":3}},"10":{"start":{"line":16,"column":4},"end":{"line":16,"column":55}},"11":{"start":{"line":17,"column":9},"end":{"line":48,"column":3}},"12":{"start":{"line":21,"column":4},"end":{"line":21,"column":63}},"13":{"start":{"line":22,"column":9},"end":{"line":48,"column":3}},"14":{"start":{"line":23,"column":4},"end":{"line":23,"column":59}},"15":{"start":{"line":24,"column":9},"end":{"line":48,"column":3}},"16":{"start":{"line":25,"column":4},"end":{"line":25,"column":62}},"17":{"start":{"line":26,"column":9},"end":{"line":48,"column":3}},"18":{"start":{"line":27,"column":4},"end":{"line":27,"column":67}},"19":{"start":{"line":28,"column":9},"end":{"line":48,"column":3}},"20":{"start":{"line":29,"column":4},"end":{"line":29,"column":59}},"21":{"start":{"line":30,"column":9},"end":{"line":48,"column":3}},"22":{"start":{"line":34,"column":4},"end":{"line":34,"column":55}},"23":{"start":{"line":35,"column":9},"end":{"line":48,"column":3}},"24":{"start":{"line":36,"column":4},"end":{"line":36,"column":64}},"25":{"start":{"line":37,"column":9},"end":{"line":48,"column":3}},"26":{"start":{"line":38,"column":4},"end":{"line":38,"column":56}},"27":{"start":{"line":39,"column":9},"end":{"line":48,"column":3}},"28":{"start":{"line":40,"column":4},"end":{"line":40,"column":62}},"29":{"start":{"line":41,"column":9},"end":{"line":48,"column":3}},"30":{"start":{"line":42,"column":4},"end":{"line":42,"column":63}},"31":{"start":{"line":43,"column":9},"end":{"line":48,"column":3}},"32":{"start":{"line":44,"column":4},"end":{"line":44,"column":61}},"33":{"start":{"line":47,"column":4},"end":{"line":47,"column":62}},"34":{"start":{"line":53,"column":0},"end":{"line":53,"column":30}}},"fnMap":{"0":{"name":"(anonymous_0)","decl":{"start":{"line":1,"column":21},"end":{"line":1,"column":22}},"loc":{"start":{"line":1,"column":48},"end":{"line":49,"column":1}},"line":1}},"branchMap":{"0":{"loc":{"start":{"line":2,"column":2},"end":{"line":48,"column":3}},"type":"if","locations":[{"start":{"line":2,"column":2},"end":{"line":48,"column":3}},{"start":{"line":9,"column":9},"end":{"line":48,"column":3}}],"line":2},"1":{"loc":{"start":{"line":3,"column":4},"end":{"line":4,"column":51}},"type":"binary-expr","locations":[{"start":{"line":3,"column":4},"end":{"line":3,"column":45}},{"start":{"line":4,"column":4},"end":{"line":4,"column":51}}],"line":3},"2":{"loc":{"start":{"line":9,"column":9},"end":{"line":48,"column":3}},"type":"if","locations":[{"start":{"line":9,"column":9},"end":{"line":48,"column":3}},{"start":{"line":11,"column":9},"end":{"line":48,"column":3}}],"line":9},"3":{"loc":{"start":{"line":11,"column":9},"end":{"line":48,"column":3}},"type":"if","locations":[{"start":{"line":11,"column":9},"end":{"line":48,"column":3}},{"start":{"line":13,"column":9},"end":{"line":48,"column":3}}],"line":11},"4":{"loc":{"start":{"line":13,"column":9},"end":{"line":48,"column":3}},"type":"if","locations":[{"start":{"line":13,"column":9},"end":{"line":48,"column":3}},{"start":{"line":15,"column":9},"end":{"line":48,"column":3}}],"line":13},"5":{"loc":{"start":{"line":15,"column":9},"end":{"line":48,"column":3}},"type":"if","locations":[{"start":{"line":15,"column":9},"end":{"line":48,"column":3}},{"start":{"line":17,"column":9},"end":{"line":48,"column":3}}],"line":15},"6":{"loc":{"start":{"line":17,"column":9},"end":{"line":48,"column":3}},"type":"if","locations":[{"start":{"line":17,"column":9},"end":{"line":48,"column":3}},{"start":{"line":22,"column":9},"end":{"line":48,"column":3}}],"line":17},"7":{"loc":{"start":{"line":18,"column":4},"end":{"line":19,"column":45}},"type":"binary-expr","locations":[{"start":{"line":18,"column":4},"end":{"line":18,"column":51}},{"start":{"line":19,"column":4},"end":{"line":19,"column":45}}],"line":18},"8":{"loc":{"start":{"line":22,"column":9},"end":{"line":48,"column":3}},"type":"if","locations":[{"start":{"line":22,"column":9},"end":{"line":48,"column":3}},{"start":{"line":24,"column":9},"end":{"line":48,"column":3}}],"line":22},"9":{"loc":{"start":{"line":24,"column":9},"end":{"line":48,"column":3}},"type":"if","locations":[{"start":{"line":24,"column":9},"end":{"line":48,"column":3}},{"start":{"line":26,"column":9},"end":{"line":48,"column":3}}],"line":24},"10":{"loc":{"start":{"line":26,"column":9},"end":{"line":48,"column":3}},"type":"if","locations":[{"start":{"line":26,"column":9},"end":{"line":48,"column":3}},{"start":{"line":28,"column":9},"end":{"line":48,"column":3}}],"line":26},"11":{"loc":{"start":{"line":28,"column":9},"end":{"line":48,"column":3}},"type":"if","locations":[{"start":{"line":28,"column":9},"end":{"line":48,"column":3}},{"start":{"line":30,"column":9},"end":{"line":48,"column":3}}],"line":28},"12":{"loc":{"start":{"line":30,"column":9},"end":{"line":48,"column":3}},"type":"if","locations":[{"start":{"line":30,"column":9},"end":{"line":48,"column":3}},{"start":{"line":35,"column":9},"end":{"line":48,"column":3}}],"line":30},"13":{"loc":{"start":{"line":31,"column":4},"end":{"line":32,"column":38}},"type":"binary-expr","locations":[{"start":{"line":31,"column":4},"end":{"line":31,"column":34}},{"start":{"line":32,"column":4},"end":{"line":32,"column":38}}],"line":31},"14":{"loc":{"start":{"line":35,"column":9},"end":{"line":48,"column":3}},"type":"if","locations":[{"start":{"line":35,"column":9},"end":{"line":48,"column":3}},{"start":{"line":37,"column":9},"end":{"line":48,"column":3}}],"line":35},"15":{"loc":{"start":{"line":37,"column":9},"end":{"line":48,"column":3}},"type":"if","locations":[{"start":{"line":37,"column":9},"end":{"line":48,"column":3}},{"start":{"line":39,"column":9},"end":{"line":48,"column":3}}],"line":37},"16":{"loc":{"start":{"line":39,"column":9},"end":{"line":48,"column":3}},"type":"if","locations":[{"start":{"line":39,"column":9},"end":{"line":48,"column":3}},{"start":{"line":41,"column":9},"end":{"line":48,"column":3}}],"line":39},"17":{"loc":{"start":{"line":41,"column":9},"end":{"line":48,"column":3}},"type":"if","locations":[{"start":{"line":41,"column":9},"end":{"line":48,"column":3}},{"start":{"line":43,"column":9},"end":{"line":48,"column":3}}],"line":41},"18":{"loc":{"start":{"line":43,"column":9},"end":{"line":48,"column":3}},"type":"if","locations":[{"start":{"line":43,"column":9},"end":{"line":48,"column":3}},{"start":{"line":46,"column":7},"end":{"line":48,"column":3}}],"line":43}},"s":{"0":3,"1":50,"2":10,"3":40,"4":1,"5":39,"6":1,"7":38,"8":2,"9":36,"10":9,"11":27,"12":0,"13":27,"14":1,"15":26,"16":1,"17":25,"18":2,"19":23,"20":3,"21":20,"22":12,"23":8,"24":1,"25":7,"26":1,"27":6,"28":0,"29":6,"30":1,"31":5,"32":1,"33":4,"34":3},"f":{"0":50},"b":{"0":[10,40],"1":[50,42],"2":[1,39],"3":[1,38],"4":[2,36],"5":[9,27],"6":[0,27],"7":[27,27],"8":[1,26],"9":[1,25],"10":[2,23],"11":[3,20],"12":[12,8],"13":[20,18],"14":[1,7],"15":[1,6],"16":[0,6],"17":[1,5],"18":[1,4]},"_coverageSchema":"1a1c01bbd47fc00a2c39e90264f33305004495a9","hash":"f1956cc3560663f0bc591b1e551169727a96dd1c"}
,"/Users/adelaulia/Desktop/PHASE3/fopy/Fopy/models/administrator.js": {"path":"/Users/adelaulia/Desktop/PHASE3/fopy/Fopy/models/administrator.js","statementMap":{"0":{"start":{"line":4,"column":4},"end":{"line":4,"column":24}},"1":{"start":{"line":5,"column":25},"end":{"line":5,"column":53}},"2":{"start":{"line":6,"column":0},"end":{"line":81,"column":2}},"3":{"start":{"line":15,"column":6},"end":{"line":15,"column":41}},"4":{"start":{"line":16,"column":6},"end":{"line":16,"column":43}},"5":{"start":{"line":19,"column":2},"end":{"line":76,"column":5}},"6":{"start":{"line":77,"column":2},"end":{"line":79,"column":4}},"7":{"start":{"line":78,"column":4},"end":{"line":78,"column":47}},"8":{"start":{"line":80,"column":2},"end":{"line":80,"column":23}}},"fnMap":{"0":{"name":"(anonymous_0)","decl":{"start":{"line":6,"column":17},"end":{"line":6,"column":18}},"loc":{"start":{"line":6,"column":43},"end":{"line":81,"column":1}},"line":6},"1":{"name":"(anonymous_1)","decl":{"start":{"line":13,"column":4},"end":{"line":13,"column":5}},"loc":{"start":{"line":13,"column":29},"end":{"line":17,"column":5}},"line":13},"2":{"name":"(anonymous_2)","decl":{"start":{"line":77,"column":29},"end":{"line":77,"column":30}},"loc":{"start":{"line":77,"column":48},"end":{"line":79,"column":3}},"line":77}},"branchMap":{},"s":{"0":3,"1":3,"2":3,"3":3,"4":3,"5":3,"6":3,"7":5,"8":3},"f":{"0":3,"1":3,"2":5},"b":{},"_coverageSchema":"1a1c01bbd47fc00a2c39e90264f33305004495a9","hash":"35e6f24976c1a8e1577476f631157628e2075a4c"}
,"/Users/adelaulia/Desktop/PHASE3/fopy/Fopy/models/index.js": {"path":"/Users/adelaulia/Desktop/PHASE3/fopy/Fopy/models/index.js","statementMap":{"0":{"start":{"line":3,"column":11},"end":{"line":3,"column":24}},"1":{"start":{"line":4,"column":13},"end":{"line":4,"column":28}},"2":{"start":{"line":5,"column":18},"end":{"line":5,"column":38}},"3":{"start":{"line":6,"column":16},"end":{"line":6,"column":34}},"4":{"start":{"line":7,"column":17},"end":{"line":7,"column":42}},"5":{"start":{"line":8,"column":12},"end":{"line":8,"column":49}},"6":{"start":{"line":9,"column":15},"end":{"line":9,"column":65}},"7":{"start":{"line":10,"column":11},"end":{"line":10,"column":13}},"8":{"start":{"line":13,"column":0},"end":{"line":17,"column":1}},"9":{"start":{"line":14,"column":2},"end":{"line":14,"column":74}},"10":{"start":{"line":16,"column":2},"end":{"line":16,"column":87}},"11":{"start":{"line":19,"column":0},"end":{"line":32,"column":5}},"12":{"start":{"line":22,"column":4},"end":{"line":27,"column":6}},"13":{"start":{"line":30,"column":18},"end":{"line":30,"column":85}},"14":{"start":{"line":31,"column":4},"end":{"line":31,"column":27}},"15":{"start":{"line":34,"column":0},"end":{"line":38,"column":3}},"16":{"start":{"line":35,"column":2},"end":{"line":37,"column":3}},"17":{"start":{"line":36,"column":4},"end":{"line":36,"column":32}},"18":{"start":{"line":40,"column":0},"end":{"line":40,"column":25}},"19":{"start":{"line":41,"column":0},"end":{"line":41,"column":25}},"20":{"start":{"line":43,"column":0},"end":{"line":43,"column":20}}},"fnMap":{"0":{"name":"(anonymous_0)","decl":{"start":{"line":21,"column":10},"end":{"line":21,"column":11}},"loc":{"start":{"line":21,"column":18},"end":{"line":28,"column":3}},"line":21},"1":{"name":"(anonymous_1)","decl":{"start":{"line":29,"column":11},"end":{"line":29,"column":12}},"loc":{"start":{"line":29,"column":19},"end":{"line":32,"column":3}},"line":29},"2":{"name":"(anonymous_2)","decl":{"start":{"line":34,"column":24},"end":{"line":34,"column":25}},"loc":{"start":{"line":34,"column":37},"end":{"line":38,"column":1}},"line":34}},"branchMap":{"0":{"loc":{"start":{"line":8,"column":12},"end":{"line":8,"column":49}},"type":"binary-expr","locations":[{"start":{"line":8,"column":12},"end":{"line":8,"column":32}},{"start":{"line":8,"column":36},"end":{"line":8,"column":49}}],"line":8},"1":{"loc":{"start":{"line":13,"column":0},"end":{"line":17,"column":1}},"type":"if","locations":[{"start":{"line":13,"column":0},"end":{"line":17,"column":1}},{"start":{"line":15,"column":7},"end":{"line":17,"column":1}}],"line":13},"2":{"loc":{"start":{"line":23,"column":6},"end":{"line":26,"column":37}},"type":"binary-expr","locations":[{"start":{"line":23,"column":6},"end":{"line":23,"column":29}},{"start":{"line":24,"column":6},"end":{"line":24,"column":23}},{"start":{"line":25,"column":6},"end":{"line":25,"column":30}},{"start":{"line":26,"column":6},"end":{"line":26,"column":37}}],"line":23},"3":{"loc":{"start":{"line":35,"column":2},"end":{"line":37,"column":3}},"type":"if","locations":[{"start":{"line":35,"column":2},"end":{"line":37,"column":3}},{"start":{},"end":{}}],"line":35}},"s":{"0":3,"1":3,"2":3,"3":3,"4":3,"5":3,"6":3,"7":3,"8":3,"9":0,"10":3,"11":3,"12":21,"13":18,"14":18,"15":3,"16":18,"17":18,"18":3,"19":3,"20":3},"f":{"0":21,"1":18,"2":18},"b":{"0":[3,0],"1":[0,3],"2":[21,21,18,18],"3":[18,0]},"_coverageSchema":"1a1c01bbd47fc00a2c39e90264f33305004495a9","hash":"1021927f5f567c2f52014337cce4cd8c5ab85db0"}
,"/Users/adelaulia/Desktop/PHASE3/fopy/Fopy/models/order.js": {"path":"/Users/adelaulia/Desktop/PHASE3/fopy/Fopy/models/order.js","statementMap":{"0":{"start":{"line":4,"column":4},"end":{"line":4,"column":24}},"1":{"start":{"line":5,"column":0},"end":{"line":76,"column":2}},"2":{"start":{"line":14,"column":6},"end":{"line":14,"column":39}},"3":{"start":{"line":15,"column":6},"end":{"line":15,"column":34}},"4":{"start":{"line":16,"column":6},"end":{"line":16,"column":43}},"5":{"start":{"line":19,"column":2},"end":{"line":74,"column":5}},"6":{"start":{"line":75,"column":2},"end":{"line":75,"column":15}}},"fnMap":{"0":{"name":"(anonymous_0)","decl":{"start":{"line":5,"column":17},"end":{"line":5,"column":18}},"loc":{"start":{"line":5,"column":43},"end":{"line":76,"column":1}},"line":5},"1":{"name":"(anonymous_1)","decl":{"start":{"line":12,"column":4},"end":{"line":12,"column":5}},"loc":{"start":{"line":12,"column":29},"end":{"line":17,"column":5}},"line":12}},"branchMap":{},"s":{"0":3,"1":3,"2":3,"3":3,"4":3,"5":3,"6":3},"f":{"0":3,"1":3},"b":{},"_coverageSchema":"1a1c01bbd47fc00a2c39e90264f33305004495a9","hash":"0117921d30eab665fed3ad709ee4d2a8b066eb03"}
,"/Users/adelaulia/Desktop/PHASE3/fopy/Fopy/models/orderdetail.js": {"path":"/Users/adelaulia/Desktop/PHASE3/fopy/Fopy/models/orderdetail.js","statementMap":{"0":{"start":{"line":4,"column":4},"end":{"line":4,"column":24}},"1":{"start":{"line":5,"column":0},"end":{"line":50,"column":2}},"2":{"start":{"line":14,"column":6},"end":{"line":14,"column":43}},"3":{"start":{"line":15,"column":6},"end":{"line":15,"column":41}},"4":{"start":{"line":18,"column":2},"end":{"line":48,"column":5}},"5":{"start":{"line":49,"column":2},"end":{"line":49,"column":21}}},"fnMap":{"0":{"name":"(anonymous_0)","decl":{"start":{"line":5,"column":17},"end":{"line":5,"column":18}},"loc":{"start":{"line":5,"column":43},"end":{"line":50,"column":1}},"line":5},"1":{"name":"(anonymous_1)","decl":{"start":{"line":12,"column":4},"end":{"line":12,"column":5}},"loc":{"start":{"line":12,"column":29},"end":{"line":16,"column":5}},"line":12}},"branchMap":{},"s":{"0":3,"1":3,"2":3,"3":3,"4":3,"5":3},"f":{"0":3,"1":3},"b":{},"_coverageSchema":"1a1c01bbd47fc00a2c39e90264f33305004495a9","hash":"67715255971c4982e74fd81f18ba5a197af4fcb6"}
,"/Users/adelaulia/Desktop/PHASE3/fopy/Fopy/models/service.js": {"path":"/Users/adelaulia/Desktop/PHASE3/fopy/Fopy/models/service.js","statementMap":{"0":{"start":{"line":4,"column":4},"end":{"line":4,"column":24}},"1":{"start":{"line":5,"column":0},"end":{"line":54,"column":2}},"2":{"start":{"line":14,"column":6},"end":{"line":14,"column":45}},"3":{"start":{"line":15,"column":6},"end":{"line":15,"column":41}},"4":{"start":{"line":18,"column":2},"end":{"line":52,"column":5}},"5":{"start":{"line":53,"column":2},"end":{"line":53,"column":17}}},"fnMap":{"0":{"name":"(anonymous_0)","decl":{"start":{"line":5,"column":17},"end":{"line":5,"column":18}},"loc":{"start":{"line":5,"column":43},"end":{"line":54,"column":1}},"line":5},"1":{"name":"(anonymous_1)","decl":{"start":{"line":12,"column":4},"end":{"line":12,"column":5}},"loc":{"start":{"line":12,"column":29},"end":{"line":16,"column":5}},"line":12}},"branchMap":{},"s":{"0":3,"1":3,"2":3,"3":3,"4":3,"5":3},"f":{"0":3,"1":3},"b":{},"_coverageSchema":"1a1c01bbd47fc00a2c39e90264f33305004495a9","hash":"65938acc0f403c221e37ce7278869e2f33432ef1"}
,"/Users/adelaulia/Desktop/PHASE3/fopy/Fopy/models/topup.js": {"path":"/Users/adelaulia/Desktop/PHASE3/fopy/Fopy/models/topup.js","statementMap":{"0":{"start":{"line":4,"column":4},"end":{"line":4,"column":24}},"1":{"start":{"line":5,"column":0},"end":{"line":47,"column":2}},"2":{"start":{"line":16,"column":2},"end":{"line":45,"column":5}},"3":{"start":{"line":46,"column":2},"end":{"line":46,"column":15}}},"fnMap":{"0":{"name":"(anonymous_0)","decl":{"start":{"line":5,"column":17},"end":{"line":5,"column":18}},"loc":{"start":{"line":5,"column":43},"end":{"line":47,"column":1}},"line":5},"1":{"name":"(anonymous_1)","decl":{"start":{"line":12,"column":4},"end":{"line":12,"column":5}},"loc":{"start":{"line":12,"column":29},"end":{"line":14,"column":5}},"line":12}},"branchMap":{},"s":{"0":3,"1":3,"2":3,"3":3},"f":{"0":3,"1":3},"b":{},"_coverageSchema":"1a1c01bbd47fc00a2c39e90264f33305004495a9","hash":"735240c3fdaec32ab37dd80a16b97448ba167d8e"}
,"/Users/adelaulia/Desktop/PHASE3/fopy/Fopy/models/user.js": {"path":"/Users/adelaulia/Desktop/PHASE3/fopy/Fopy/models/user.js","statementMap":{"0":{"start":{"line":4,"column":4},"end":{"line":4,"column":24}},"1":{"start":{"line":5,"column":25},"end":{"line":5,"column":53}},"2":{"start":{"line":6,"column":0},"end":{"line":61,"column":2}},"3":{"start":{"line":15,"column":6},"end":{"line":15,"column":32}},"4":{"start":{"line":18,"column":2},"end":{"line":56,"column":5}},"5":{"start":{"line":57,"column":2},"end":{"line":59,"column":4}},"6":{"start":{"line":58,"column":4},"end":{"line":58,"column":47}},"7":{"start":{"line":60,"column":2},"end":{"line":60,"column":14}}},"fnMap":{"0":{"name":"(anonymous_0)","decl":{"start":{"line":6,"column":17},"end":{"line":6,"column":18}},"loc":{"start":{"line":6,"column":43},"end":{"line":61,"column":1}},"line":6},"1":{"name":"(anonymous_1)","decl":{"start":{"line":13,"column":4},"end":{"line":13,"column":5}},"loc":{"start":{"line":13,"column":29},"end":{"line":16,"column":5}},"line":13},"2":{"name":"(anonymous_2)","decl":{"start":{"line":57,"column":20},"end":{"line":57,"column":21}},"loc":{"start":{"line":57,"column":39},"end":{"line":59,"column":3}},"line":57}},"branchMap":{},"s":{"0":3,"1":3,"2":3,"3":3,"4":3,"5":3,"6":4,"7":3},"f":{"0":3,"1":3,"2":4},"b":{},"_coverageSchema":"1a1c01bbd47fc00a2c39e90264f33305004495a9","hash":"c8d43262559d05594dd7f61987515ed0b15fdc69"}
,"/Users/adelaulia/Desktop/PHASE3/fopy/Fopy/routes/admin.js": {"path":"/Users/adelaulia/Desktop/PHASE3/fopy/Fopy/routes/admin.js","statementMap":{"0":{"start":{"line":1,"column":16},"end":{"line":1,"column":34}},"1":{"start":{"line":2,"column":24},"end":{"line":2,"column":65}},"2":{"start":{"line":3,"column":32},"end":{"line":3,"column":72}},"3":{"start":{"line":4,"column":33},"end":{"line":4,"column":72}},"4":{"start":{"line":7,"column":20},"end":{"line":7,"column":36}},"5":{"start":{"line":9,"column":0},"end":{"line":9,"column":62}},"6":{"start":{"line":10,"column":0},"end":{"line":10,"column":36}},"7":{"start":{"line":12,"column":0},"end":{"line":12,"column":64}},"8":{"start":{"line":13,"column":0},"end":{"line":13,"column":61}},"9":{"start":{"line":14,"column":0},"end":{"line":14,"column":56}},"10":{"start":{"line":15,"column":0},"end":{"line":15,"column":62}},"11":{"start":{"line":16,"column":0},"end":{"line":16,"column":67}},"12":{"start":{"line":17,"column":0},"end":{"line":17,"column":64}},"13":{"start":{"line":18,"column":0},"end":{"line":18,"column":66}},"14":{"start":{"line":19,"column":0},"end":{"line":19,"column":70}},"15":{"start":{"line":20,"column":0},"end":{"line":20,"column":65}},"16":{"start":{"line":21,"column":0},"end":{"line":21,"column":98}},"17":{"start":{"line":22,"column":0},"end":{"line":22,"column":57}},"18":{"start":{"line":23,"column":0},"end":{"line":23,"column":28}}},"fnMap":{},"branchMap":{},"s":{"0":3,"1":3,"2":3,"3":3,"4":3,"5":3,"6":3,"7":3,"8":3,"9":3,"10":3,"11":3,"12":3,"13":3,"14":3,"15":3,"16":3,"17":3,"18":3},"f":{},"b":{},"_coverageSchema":"1a1c01bbd47fc00a2c39e90264f33305004495a9","hash":"1ae4442e5ea34c9666d33447f795e1e68d8acbc0"}
,"/Users/adelaulia/Desktop/PHASE3/fopy/Fopy/routes/driver.js": {"path":"/Users/adelaulia/Desktop/PHASE3/fopy/Fopy/routes/driver.js","statementMap":{"0":{"start":{"line":1,"column":16},"end":{"line":1,"column":34}},"1":{"start":{"line":2,"column":25},"end":{"line":2,"column":67}},"2":{"start":{"line":3,"column":27},"end":{"line":3,"column":67}},"3":{"start":{"line":4,"column":24},"end":{"line":4,"column":63}},"4":{"start":{"line":5,"column":15},"end":{"line":5,"column":31}},"5":{"start":{"line":7,"column":0},"end":{"line":7,"column":46}},"6":{"start":{"line":9,"column":0},"end":{"line":9,"column":27}},"7":{"start":{"line":11,"column":0},"end":{"line":11,"column":52}},"8":{"start":{"line":12,"column":0},"end":{"line":12,"column":74}},"9":{"start":{"line":13,"column":0},"end":{"line":13,"column":24}}},"fnMap":{},"branchMap":{},"s":{"0":3,"1":3,"2":3,"3":3,"4":3,"5":3,"6":3,"7":3,"8":3,"9":3},"f":{},"b":{},"_coverageSchema":"1a1c01bbd47fc00a2c39e90264f33305004495a9","hash":"a277013531866fd7e04195bebbcf2fcd654f8ffa"}
,"/Users/adelaulia/Desktop/PHASE3/fopy/Fopy/routes/index.js": {"path":"/Users/adelaulia/Desktop/PHASE3/fopy/Fopy/routes/index.js","statementMap":{"0":{"start":{"line":1,"column":16},"end":{"line":1,"column":34}},"1":{"start":{"line":2,"column":15},"end":{"line":2,"column":31}},"2":{"start":{"line":3,"column":20},"end":{"line":3,"column":39}},"3":{"start":{"line":4,"column":19},"end":{"line":4,"column":37}},"4":{"start":{"line":5,"column":18},"end":{"line":5,"column":35}},"5":{"start":{"line":8,"column":0},"end":{"line":8,"column":32}},"6":{"start":{"line":9,"column":0},"end":{"line":9,"column":34}},"7":{"start":{"line":10,"column":0},"end":{"line":10,"column":30}},"8":{"start":{"line":12,"column":0},"end":{"line":12,"column":23}}},"fnMap":{},"branchMap":{},"s":{"0":3,"1":3,"2":3,"3":3,"4":3,"5":3,"6":3,"7":3,"8":3},"f":{},"b":{},"_coverageSchema":"1a1c01bbd47fc00a2c39e90264f33305004495a9","hash":"a5ed05351db95faab3973a47af6eed9d615bbb44"}
,"/Users/adelaulia/Desktop/PHASE3/fopy/Fopy/routes/user.js": {"path":"/Users/adelaulia/Desktop/PHASE3/fopy/Fopy/routes/user.js","statementMap":{"0":{"start":{"line":1,"column":16},"end":{"line":1,"column":34}},"1":{"start":{"line":2,"column":15},"end":{"line":2,"column":31}},"2":{"start":{"line":3,"column":29},"end":{"line":3,"column":69}},"3":{"start":{"line":4,"column":23},"end":{"line":4,"column":63}},"4":{"start":{"line":5,"column":29},"end":{"line":5,"column":75}},"5":{"start":{"line":7,"column":0},"end":{"line":7,"column":49}},"6":{"start":{"line":9,"column":0},"end":{"line":9,"column":43}},"7":{"start":{"line":11,"column":0},"end":{"line":11,"column":66}},"8":{"start":{"line":13,"column":0},"end":{"line":13,"column":30}},"9":{"start":{"line":15,"column":0},"end":{"line":15,"column":46}},"10":{"start":{"line":17,"column":0},"end":{"line":17,"column":50}},"11":{"start":{"line":19,"column":0},"end":{"line":19,"column":49}},"12":{"start":{"line":21,"column":0},"end":{"line":21,"column":48}},"13":{"start":{"line":23,"column":0},"end":{"line":23,"column":68}},"14":{"start":{"line":27,"column":0},"end":{"line":27,"column":23}}},"fnMap":{},"branchMap":{},"s":{"0":3,"1":3,"2":3,"3":3,"4":3,"5":3,"6":3,"7":3,"8":3,"9":3,"10":3,"11":3,"12":3,"13":3,"14":3},"f":{},"b":{},"_coverageSchema":"1a1c01bbd47fc00a2c39e90264f33305004495a9","hash":"482ad222e8c9be693f1662e9eeef6e04b26bd787"}
}
