{"/Users/adelaulia/Desktop/PHASE3/fopy/Fopy/app.js": {"path":"/Users/adelaulia/Desktop/PHASE3/fopy/Fopy/app.js","statementMap":{"0":{"start":{"line":1,"column":0},"end":{"line":1,"column":26}},"1":{"start":{"line":3,"column":16},"end":{"line":3,"column":34}},"2":{"start":{"line":4,"column":12},"end":{"line":4,"column":21}},"3":{"start":{"line":5,"column":13},"end":{"line":5,"column":28}},"4":{"start":{"line":6,"column":15},"end":{"line":6,"column":34}},"5":{"start":{"line":7,"column":21},"end":{"line":7,"column":58}},"6":{"start":{"line":9,"column":0},"end":{"line":9,"column":48}},"7":{"start":{"line":10,"column":0},"end":{"line":10,"column":23}},"8":{"start":{"line":11,"column":0},"end":{"line":11,"column":15}},"9":{"start":{"line":13,"column":0},"end":{"line":13,"column":15}},"10":{"start":{"line":14,"column":0},"end":{"line":14,"column":21}},"11":{"start":{"line":16,"column":0},"end":{"line":16,"column":21}}},"fnMap":{},"branchMap":{},"s":{"0":2,"1":2,"2":2,"3":2,"4":2,"5":2,"6":2,"7":2,"8":2,"9":2,"10":2,"11":2},"f":{},"b":{},"_coverageSchema":"1a1c01bbd47fc00a2c39e90264f33305004495a9","hash":"acb33ab8b0ff591c1aba214f516bae5c28b0e96c"}
,"/Users/adelaulia/Desktop/PHASE3/fopy/Fopy/controllers/adminController.js": {"path":"/Users/adelaulia/Desktop/PHASE3/fopy/Fopy/controllers/adminController.js","statementMap":{"0":{"start":{"line":1,"column":62},"end":{"line":1,"column":82}},"1":{"start":{"line":2,"column":42},"end":{"line":2,"column":70}},"2":{"start":{"line":3,"column":35},"end":{"line":3,"column":60}},"3":{"start":{"line":4,"column":0},"end":{"line":79,"column":1}},"4":{"start":{"line":6,"column":4},"end":{"line":35,"column":5}},"5":{"start":{"line":7,"column":34},"end":{"line":7,"column":42}},"6":{"start":{"line":8,"column":6},"end":{"line":8,"column":27}},"7":{"start":{"line":10,"column":6},"end":{"line":10,"column":53}},"8":{"start":{"line":10,"column":18},"end":{"line":10,"column":53}},"9":{"start":{"line":11,"column":6},"end":{"line":11,"column":59}},"10":{"start":{"line":11,"column":21},"end":{"line":11,"column":59}},"11":{"start":{"line":12,"column":24},"end":{"line":16,"column":8}},"12":{"start":{"line":17,"column":6},"end":{"line":17,"column":37}},"13":{"start":{"line":18,"column":6},"end":{"line":18,"column":62}},"14":{"start":{"line":18,"column":22},"end":{"line":18,"column":62}},"15":{"start":{"line":19,"column":30},"end":{"line":19,"column":75}},"16":{"start":{"line":20,"column":6},"end":{"line":20,"column":70}},"17":{"start":{"line":20,"column":30},"end":{"line":20,"column":70}},"18":{"start":{"line":21,"column":27},"end":{"line":24,"column":8}},"19":{"start":{"line":25,"column":6},"end":{"line":31,"column":8}},"20":{"start":{"line":33,"column":6},"end":{"line":33,"column":49}},"21":{"start":{"line":34,"column":6},"end":{"line":34,"column":17}},"22":{"start":{"line":39,"column":4},"end":{"line":64,"column":5}},"23":{"start":{"line":40,"column":79},"end":{"line":40,"column":87}},"24":{"start":{"line":41,"column":6},"end":{"line":41,"column":33}},"25":{"start":{"line":42,"column":29},"end":{"line":51,"column":8}},"26":{"start":{"line":52,"column":6},"end":{"line":60,"column":8}},"27":{"start":{"line":62,"column":6},"end":{"line":62,"column":24}},"28":{"start":{"line":63,"column":6},"end":{"line":63,"column":17}},"29":{"start":{"line":68,"column":4},"end":{"line":75,"column":5}},"30":{"start":{"line":69,"column":26},"end":{"line":69,"column":49}},"31":{"start":{"line":70,"column":6},"end":{"line":70,"column":39}},"32":{"start":{"line":71,"column":6},"end":{"line":71,"column":31}},"33":{"start":{"line":73,"column":6},"end":{"line":73,"column":24}},"34":{"start":{"line":74,"column":6},"end":{"line":74,"column":17}}},"fnMap":{"0":{"name":"(anonymous_0)","decl":{"start":{"line":5,"column":2},"end":{"line":5,"column":3}},"loc":{"start":{"line":5,"column":50},"end":{"line":36,"column":3}},"line":5},"1":{"name":"(anonymous_1)","decl":{"start":{"line":38,"column":2},"end":{"line":38,"column":3}},"loc":{"start":{"line":38,"column":45},"end":{"line":65,"column":3}},"line":38},"2":{"name":"(anonymous_2)","decl":{"start":{"line":67,"column":2},"end":{"line":67,"column":3}},"loc":{"start":{"line":67,"column":47},"end":{"line":76,"column":3}},"line":67}},"branchMap":{"0":{"loc":{"start":{"line":10,"column":6},"end":{"line":10,"column":53}},"type":"if","locations":[{"start":{"line":10,"column":6},"end":{"line":10,"column":53}},{"start":{},"end":{}}],"line":10},"1":{"loc":{"start":{"line":11,"column":6},"end":{"line":11,"column":59}},"type":"if","locations":[{"start":{"line":11,"column":6},"end":{"line":11,"column":59}},{"start":{},"end":{}}],"line":11},"2":{"loc":{"start":{"line":18,"column":6},"end":{"line":18,"column":62}},"type":"if","locations":[{"start":{"line":18,"column":6},"end":{"line":18,"column":62}},{"start":{},"end":{}}],"line":18},"3":{"loc":{"start":{"line":20,"column":6},"end":{"line":20,"column":70}},"type":"if","locations":[{"start":{"line":20,"column":6},"end":{"line":20,"column":70}},{"start":{},"end":{}}],"line":20}},"s":{"0":2,"1":2,"2":2,"3":2,"4":5,"5":5,"6":5,"7":5,"8":1,"9":4,"10":1,"11":3,"12":3,"13":3,"14":1,"15":2,"16":2,"17":1,"18":1,"19":1,"20":4,"21":4,"22":8,"23":8,"24":8,"25":8,"26":1,"27":7,"28":7,"29":1,"30":1,"31":1,"32":1,"33":0,"34":0},"f":{"0":5,"1":8,"2":1},"b":{"0":[1,4],"1":[1,3],"2":[1,2],"3":[1,1]},"_coverageSchema":"1a1c01bbd47fc00a2c39e90264f33305004495a9","hash":"ce442bfae165df35ecc2777a8abeaca4e9a90a34"}
,"/Users/adelaulia/Desktop/PHASE3/fopy/Fopy/controllers/driverController.js": {"path":"/Users/adelaulia/Desktop/PHASE3/fopy/Fopy/controllers/driverController.js","statementMap":{"0":{"start":{"line":1,"column":28},"end":{"line":1,"column":56}},"1":{"start":{"line":2,"column":26},"end":{"line":2,"column":51}},"2":{"start":{"line":3,"column":33},"end":{"line":3,"column":53}},"3":{"start":{"line":7,"column":4},"end":{"line":51,"column":5}},"4":{"start":{"line":8,"column":34},"end":{"line":8,"column":42}},"5":{"start":{"line":10,"column":6},"end":{"line":12,"column":7}},"6":{"start":{"line":11,"column":8},"end":{"line":11,"column":41}},"7":{"start":{"line":13,"column":6},"end":{"line":15,"column":7}},"8":{"start":{"line":14,"column":8},"end":{"line":14,"column":44}},"9":{"start":{"line":17,"column":21},"end":{"line":21,"column":8}},"10":{"start":{"line":23,"column":6},"end":{"line":25,"column":7}},"11":{"start":{"line":24,"column":8},"end":{"line":24,"column":39}},"12":{"start":{"line":28,"column":30},"end":{"line":28,"column":72}},"13":{"start":{"line":30,"column":6},"end":{"line":32,"column":7}},"14":{"start":{"line":31,"column":8},"end":{"line":31,"column":39}},"15":{"start":{"line":35,"column":27},"end":{"line":39,"column":8}},"16":{"start":{"line":41,"column":6},"end":{"line":47,"column":9}},"17":{"start":{"line":49,"column":6},"end":{"line":49,"column":25}},"18":{"start":{"line":50,"column":6},"end":{"line":50,"column":18}},"19":{"start":{"line":54,"column":4},"end":{"line":61,"column":5}},"20":{"start":{"line":55,"column":21},"end":{"line":55,"column":42}},"21":{"start":{"line":57,"column":6},"end":{"line":57,"column":22}},"22":{"start":{"line":59,"column":6},"end":{"line":59,"column":25}},"23":{"start":{"line":60,"column":6},"end":{"line":60,"column":18}},"24":{"start":{"line":64,"column":4},"end":{"line":79,"column":5}},"25":{"start":{"line":65,"column":21},"end":{"line":65,"column":31}},"26":{"start":{"line":66,"column":25},"end":{"line":66,"column":33}},"27":{"start":{"line":67,"column":19},"end":{"line":67,"column":30}},"28":{"start":{"line":69,"column":6},"end":{"line":73,"column":8}},"29":{"start":{"line":75,"column":6},"end":{"line":75,"column":73}},"30":{"start":{"line":77,"column":6},"end":{"line":77,"column":25}},"31":{"start":{"line":78,"column":6},"end":{"line":78,"column":18}},"32":{"start":{"line":83,"column":0},"end":{"line":83,"column":34}}},"fnMap":{"0":{"name":"(anonymous_0)","decl":{"start":{"line":6,"column":2},"end":{"line":6,"column":3}},"loc":{"start":{"line":6,"column":37},"end":{"line":52,"column":3}},"line":6},"1":{"name":"(anonymous_1)","decl":{"start":{"line":53,"column":2},"end":{"line":53,"column":3}},"loc":{"start":{"line":53,"column":43},"end":{"line":62,"column":3}},"line":53},"2":{"name":"(anonymous_2)","decl":{"start":{"line":63,"column":2},"end":{"line":63,"column":3}},"loc":{"start":{"line":63,"column":44},"end":{"line":80,"column":3}},"line":63}},"branchMap":{"0":{"loc":{"start":{"line":10,"column":6},"end":{"line":12,"column":7}},"type":"if","locations":[{"start":{"line":10,"column":6},"end":{"line":12,"column":7}},{"start":{},"end":{}}],"line":10},"1":{"loc":{"start":{"line":13,"column":6},"end":{"line":15,"column":7}},"type":"if","locations":[{"start":{"line":13,"column":6},"end":{"line":15,"column":7}},{"start":{},"end":{}}],"line":13},"2":{"loc":{"start":{"line":23,"column":6},"end":{"line":25,"column":7}},"type":"if","locations":[{"start":{"line":23,"column":6},"end":{"line":25,"column":7}},{"start":{},"end":{}}],"line":23},"3":{"loc":{"start":{"line":30,"column":6},"end":{"line":32,"column":7}},"type":"if","locations":[{"start":{"line":30,"column":6},"end":{"line":32,"column":7}},{"start":{},"end":{}}],"line":30}},"s":{"0":2,"1":2,"2":2,"3":5,"4":5,"5":5,"6":1,"7":4,"8":1,"9":3,"10":3,"11":1,"12":2,"13":2,"14":1,"15":1,"16":0,"17":5,"18":5,"19":0,"20":0,"21":0,"22":0,"23":0,"24":0,"25":0,"26":0,"27":0,"28":0,"29":0,"30":0,"31":0,"32":2},"f":{"0":5,"1":0,"2":0},"b":{"0":[1,4],"1":[1,3],"2":[1,2],"3":[1,1]},"_coverageSchema":"1a1c01bbd47fc00a2c39e90264f33305004495a9","hash":"7fec7bf096a73d2cdb760b14d8bb67274a20bb58"}
,"/Users/adelaulia/Desktop/PHASE3/fopy/Fopy/helpers/bcrypt.js": {"path":"/Users/adelaulia/Desktop/PHASE3/fopy/Fopy/helpers/bcrypt.js","statementMap":{"0":{"start":{"line":1,"column":15},"end":{"line":1,"column":34}},"1":{"start":{"line":2,"column":13},"end":{"line":2,"column":34}},"2":{"start":{"line":4,"column":21},"end":{"line":6,"column":1}},"3":{"start":{"line":5,"column":2},"end":{"line":5,"column":40}},"4":{"start":{"line":8,"column":24},"end":{"line":10,"column":1}},"5":{"start":{"line":9,"column":2},"end":{"line":9,"column":54}},"6":{"start":{"line":12,"column":0},"end":{"line":15,"column":1}}},"fnMap":{"0":{"name":"(anonymous_0)","decl":{"start":{"line":4,"column":21},"end":{"line":4,"column":22}},"loc":{"start":{"line":4,"column":35},"end":{"line":6,"column":1}},"line":4},"1":{"name":"(anonymous_1)","decl":{"start":{"line":8,"column":24},"end":{"line":8,"column":25}},"loc":{"start":{"line":8,"column":54},"end":{"line":10,"column":1}},"line":8}},"branchMap":{},"s":{"0":2,"1":2,"2":2,"3":6,"4":2,"5":4,"6":2},"f":{"0":6,"1":4},"b":{},"_coverageSchema":"1a1c01bbd47fc00a2c39e90264f33305004495a9","hash":"0b81e4eee6c1901fbae4b4eed79b9a6866f7a8f6"}
,"/Users/adelaulia/Desktop/PHASE3/fopy/Fopy/helpers/bulkInsertAdmin.js": {"path":"/Users/adelaulia/Desktop/PHASE3/fopy/Fopy/helpers/bulkInsertAdmin.js","statementMap":{"0":{"start":{"line":1,"column":26},"end":{"line":1,"column":46}},"1":{"start":{"line":2,"column":25},"end":{"line":2,"column":53}},"2":{"start":{"line":6,"column":2},"end":{"line":10,"column":4}},"3":{"start":{"line":13,"column":2},"end":{"line":24,"column":4}},"4":{"start":{"line":28,"column":0},"end":{"line":28,"column":32}}},"fnMap":{"0":{"name":"bulkInsertAdmin","decl":{"start":{"line":4,"column":15},"end":{"line":4,"column":30}},"loc":{"start":{"line":4,"column":33},"end":{"line":26,"column":1}},"line":4}},"branchMap":{},"s":{"0":1,"1":1,"2":1,"3":1,"4":1},"f":{"0":1},"b":{},"_coverageSchema":"1a1c01bbd47fc00a2c39e90264f33305004495a9","hash":"e96cdf414e2f2daf7b3b2af2abc958e4b8dabaca"}
,"/Users/adelaulia/Desktop/PHASE3/fopy/Fopy/helpers/jwt.js": {"path":"/Users/adelaulia/Desktop/PHASE3/fopy/Fopy/helpers/jwt.js","statementMap":{"0":{"start":{"line":1,"column":12},"end":{"line":1,"column":35}},"1":{"start":{"line":3,"column":15},"end":{"line":3,"column":33}},"2":{"start":{"line":5,"column":18},"end":{"line":8,"column":1}},"3":{"start":{"line":7,"column":2},"end":{"line":7,"column":32}},"4":{"start":{"line":10,"column":20},"end":{"line":12,"column":1}},"5":{"start":{"line":11,"column":2},"end":{"line":11,"column":35}},"6":{"start":{"line":14,"column":0},"end":{"line":14,"column":43}}},"fnMap":{"0":{"name":"(anonymous_0)","decl":{"start":{"line":5,"column":18},"end":{"line":5,"column":19}},"loc":{"start":{"line":5,"column":28},"end":{"line":8,"column":1}},"line":5},"1":{"name":"(anonymous_1)","decl":{"start":{"line":10,"column":20},"end":{"line":10,"column":21}},"loc":{"start":{"line":10,"column":31},"end":{"line":12,"column":1}},"line":10}},"branchMap":{},"s":{"0":2,"1":2,"2":2,"3":2,"4":2,"5":13,"6":2},"f":{"0":2,"1":13},"b":{},"_coverageSchema":"1a1c01bbd47fc00a2c39e90264f33305004495a9","hash":"4e521173fd9c0c3a15bd12cab125735df12d7cc6"}
,"/Users/adelaulia/Desktop/PHASE3/fopy/Fopy/middlewares/authentication.js": {"path":"/Users/adelaulia/Desktop/PHASE3/fopy/Fopy/middlewares/authentication.js","statementMap":{"0":{"start":{"line":1,"column":35},"end":{"line":1,"column":60}},"1":{"start":{"line":2,"column":26},"end":{"line":2,"column":46}},"2":{"start":{"line":4,"column":28},"end":{"line":33,"column":1}},"3":{"start":{"line":5,"column":2},"end":{"line":32,"column":3}},"4":{"start":{"line":6,"column":29},"end":{"line":6,"column":40}},"5":{"start":{"line":7,"column":4},"end":{"line":28,"column":5}},"6":{"start":{"line":9,"column":8},"end":{"line":9,"column":39}},"7":{"start":{"line":13,"column":24},"end":{"line":13,"column":49}},"8":{"start":{"line":14,"column":35},"end":{"line":18,"column":8}},"9":{"start":{"line":19,"column":6},"end":{"line":27,"column":7}},"10":{"start":{"line":21,"column":10},"end":{"line":21,"column":41}},"11":{"start":{"line":25,"column":8},"end":{"line":25,"column":40}},"12":{"start":{"line":26,"column":8},"end":{"line":26,"column":14}},"13":{"start":{"line":30,"column":4},"end":{"line":30,"column":22}},"14":{"start":{"line":31,"column":4},"end":{"line":31,"column":15}},"15":{"start":{"line":37,"column":23},"end":{"line":58,"column":1}},"16":{"start":{"line":38,"column":2},"end":{"line":57,"column":3}},"17":{"start":{"line":39,"column":35},"end":{"line":39,"column":46}},"18":{"start":{"line":41,"column":4},"end":{"line":41,"column":55}},"19":{"start":{"line":41,"column":23},"end":{"line":41,"column":55}},"20":{"start":{"line":44,"column":19},"end":{"line":44,"column":52}},"21":{"start":{"line":46,"column":17},"end":{"line":46,"column":56}},"22":{"start":{"line":48,"column":4},"end":{"line":48,"column":47}},"23":{"start":{"line":48,"column":15},"end":{"line":48,"column":47}},"24":{"start":{"line":51,"column":4},"end":{"line":51,"column":20}},"25":{"start":{"line":53,"column":4},"end":{"line":53,"column":11}},"26":{"start":{"line":55,"column":4},"end":{"line":55,"column":23}},"27":{"start":{"line":56,"column":4},"end":{"line":56,"column":16}},"28":{"start":{"line":60,"column":0},"end":{"line":60,"column":57}}},"fnMap":{"0":{"name":"(anonymous_0)","decl":{"start":{"line":4,"column":28},"end":{"line":4,"column":29}},"loc":{"start":{"line":4,"column":54},"end":{"line":33,"column":1}},"line":4},"1":{"name":"(anonymous_1)","decl":{"start":{"line":37,"column":23},"end":{"line":37,"column":24}},"loc":{"start":{"line":37,"column":49},"end":{"line":58,"column":1}},"line":37}},"branchMap":{"0":{"loc":{"start":{"line":7,"column":4},"end":{"line":28,"column":5}},"type":"if","locations":[{"start":{"line":7,"column":4},"end":{"line":28,"column":5}},{"start":{"line":12,"column":9},"end":{"line":28,"column":5}}],"line":7},"1":{"loc":{"start":{"line":19,"column":6},"end":{"line":27,"column":7}},"type":"if","locations":[{"start":{"line":19,"column":6},"end":{"line":27,"column":7}},{"start":{"line":24,"column":11},"end":{"line":27,"column":7}}],"line":19},"2":{"loc":{"start":{"line":41,"column":4},"end":{"line":41,"column":55}},"type":"if","locations":[{"start":{"line":41,"column":4},"end":{"line":41,"column":55}},{"start":{},"end":{}}],"line":41},"3":{"loc":{"start":{"line":48,"column":4},"end":{"line":48,"column":47}},"type":"if","locations":[{"start":{"line":48,"column":4},"end":{"line":48,"column":47}},{"start":{},"end":{}}],"line":48}},"s":{"0":2,"1":2,"2":2,"3":14,"4":14,"5":14,"6":1,"7":13,"8":11,"9":11,"10":0,"11":11,"12":11,"13":3,"14":3,"15":2,"16":6,"17":6,"18":6,"19":2,"20":4,"21":0,"22":0,"23":0,"24":0,"25":0,"26":6,"27":6,"28":2},"f":{"0":14,"1":6},"b":{"0":[1,13],"1":[0,11],"2":[2,4],"3":[0,0]},"_coverageSchema":"1a1c01bbd47fc00a2c39e90264f33305004495a9","hash":"562521e77064f1fbb25bc822bf5899cd6c7ef3bc"}
,"/Users/adelaulia/Desktop/PHASE3/fopy/Fopy/middlewares/errorHandler.js": {"path":"/Users/adelaulia/Desktop/PHASE3/fopy/Fopy/middlewares/errorHandler.js","statementMap":{"0":{"start":{"line":1,"column":21},"end":{"line":43,"column":1}},"1":{"start":{"line":2,"column":2},"end":{"line":41,"column":3}},"2":{"start":{"line":6,"column":4},"end":{"line":8,"column":6}},"3":{"start":{"line":10,"column":7},"end":{"line":41,"column":3}},"4":{"start":{"line":11,"column":4},"end":{"line":11,"column":58}},"5":{"start":{"line":13,"column":7},"end":{"line":41,"column":3}},"6":{"start":{"line":14,"column":4},"end":{"line":14,"column":61}},"7":{"start":{"line":16,"column":7},"end":{"line":41,"column":3}},"8":{"start":{"line":17,"column":4},"end":{"line":17,"column":63}},"9":{"start":{"line":19,"column":7},"end":{"line":41,"column":3}},"10":{"start":{"line":20,"column":4},"end":{"line":20,"column":54}},"11":{"start":{"line":21,"column":9},"end":{"line":41,"column":3}},"12":{"start":{"line":25,"column":4},"end":{"line":25,"column":63}},"13":{"start":{"line":26,"column":9},"end":{"line":41,"column":3}},"14":{"start":{"line":27,"column":4},"end":{"line":27,"column":59}},"15":{"start":{"line":28,"column":9},"end":{"line":41,"column":3}},"16":{"start":{"line":29,"column":4},"end":{"line":29,"column":62}},"17":{"start":{"line":30,"column":9},"end":{"line":41,"column":3}},"18":{"start":{"line":31,"column":4},"end":{"line":31,"column":67}},"19":{"start":{"line":32,"column":9},"end":{"line":41,"column":3}},"20":{"start":{"line":33,"column":4},"end":{"line":33,"column":59}},"21":{"start":{"line":34,"column":9},"end":{"line":41,"column":3}},"22":{"start":{"line":35,"column":4},"end":{"line":35,"column":55}},"23":{"start":{"line":36,"column":9},"end":{"line":41,"column":3}},"24":{"start":{"line":37,"column":4},"end":{"line":37,"column":64}},"25":{"start":{"line":40,"column":4},"end":{"line":40,"column":62}},"26":{"start":{"line":47,"column":0},"end":{"line":47,"column":30}}},"fnMap":{"0":{"name":"(anonymous_0)","decl":{"start":{"line":1,"column":21},"end":{"line":1,"column":22}},"loc":{"start":{"line":1,"column":48},"end":{"line":43,"column":1}},"line":1}},"branchMap":{"0":{"loc":{"start":{"line":2,"column":2},"end":{"line":41,"column":3}},"type":"if","locations":[{"start":{"line":2,"column":2},"end":{"line":41,"column":3}},{"start":{"line":10,"column":7},"end":{"line":41,"column":3}}],"line":2},"1":{"loc":{"start":{"line":3,"column":4},"end":{"line":4,"column":51}},"type":"binary-expr","locations":[{"start":{"line":3,"column":4},"end":{"line":3,"column":45}},{"start":{"line":4,"column":4},"end":{"line":4,"column":51}}],"line":3},"2":{"loc":{"start":{"line":10,"column":7},"end":{"line":41,"column":3}},"type":"if","locations":[{"start":{"line":10,"column":7},"end":{"line":41,"column":3}},{"start":{"line":13,"column":7},"end":{"line":41,"column":3}}],"line":10},"3":{"loc":{"start":{"line":13,"column":7},"end":{"line":41,"column":3}},"type":"if","locations":[{"start":{"line":13,"column":7},"end":{"line":41,"column":3}},{"start":{"line":16,"column":7},"end":{"line":41,"column":3}}],"line":13},"4":{"loc":{"start":{"line":16,"column":7},"end":{"line":41,"column":3}},"type":"if","locations":[{"start":{"line":16,"column":7},"end":{"line":41,"column":3}},{"start":{"line":19,"column":7},"end":{"line":41,"column":3}}],"line":16},"5":{"loc":{"start":{"line":19,"column":7},"end":{"line":41,"column":3}},"type":"if","locations":[{"start":{"line":19,"column":7},"end":{"line":41,"column":3}},{"start":{"line":21,"column":9},"end":{"line":41,"column":3}}],"line":19},"6":{"loc":{"start":{"line":21,"column":9},"end":{"line":41,"column":3}},"type":"if","locations":[{"start":{"line":21,"column":9},"end":{"line":41,"column":3}},{"start":{"line":26,"column":9},"end":{"line":41,"column":3}}],"line":21},"7":{"loc":{"start":{"line":22,"column":4},"end":{"line":23,"column":45}},"type":"binary-expr","locations":[{"start":{"line":22,"column":4},"end":{"line":22,"column":51}},{"start":{"line":23,"column":4},"end":{"line":23,"column":45}}],"line":22},"8":{"loc":{"start":{"line":26,"column":9},"end":{"line":41,"column":3}},"type":"if","locations":[{"start":{"line":26,"column":9},"end":{"line":41,"column":3}},{"start":{"line":28,"column":9},"end":{"line":41,"column":3}}],"line":26},"9":{"loc":{"start":{"line":28,"column":9},"end":{"line":41,"column":3}},"type":"if","locations":[{"start":{"line":28,"column":9},"end":{"line":41,"column":3}},{"start":{"line":30,"column":9},"end":{"line":41,"column":3}}],"line":28},"10":{"loc":{"start":{"line":30,"column":9},"end":{"line":41,"column":3}},"type":"if","locations":[{"start":{"line":30,"column":9},"end":{"line":41,"column":3}},{"start":{"line":32,"column":9},"end":{"line":41,"column":3}}],"line":30},"11":{"loc":{"start":{"line":32,"column":9},"end":{"line":41,"column":3}},"type":"if","locations":[{"start":{"line":32,"column":9},"end":{"line":41,"column":3}},{"start":{"line":34,"column":9},"end":{"line":41,"column":3}}],"line":32},"12":{"loc":{"start":{"line":34,"column":9},"end":{"line":41,"column":3}},"type":"if","locations":[{"start":{"line":34,"column":9},"end":{"line":41,"column":3}},{"start":{"line":36,"column":9},"end":{"line":41,"column":3}}],"line":34},"13":{"loc":{"start":{"line":36,"column":9},"end":{"line":41,"column":3}},"type":"if","locations":[{"start":{"line":36,"column":9},"end":{"line":41,"column":3}},{"start":{"line":39,"column":7},"end":{"line":41,"column":3}}],"line":36}},"s":{"0":2,"1":25,"2":7,"3":18,"4":1,"5":17,"6":1,"7":16,"8":2,"9":14,"10":1,"11":13,"12":0,"13":13,"14":1,"15":12,"16":1,"17":11,"18":2,"19":9,"20":0,"21":9,"22":2,"23":7,"24":0,"25":7,"26":2},"f":{"0":25},"b":{"0":[7,18],"1":[25,20],"2":[1,17],"3":[1,16],"4":[2,14],"5":[1,13],"6":[0,13],"7":[13,13],"8":[1,12],"9":[1,11],"10":[2,9],"11":[0,9],"12":[2,7],"13":[0,7]},"_coverageSchema":"1a1c01bbd47fc00a2c39e90264f33305004495a9","hash":"d3741a416e1ae47b0f8a8f088a557a21fdd3db79"}
,"/Users/adelaulia/Desktop/PHASE3/fopy/Fopy/models/administrator.js": {"path":"/Users/adelaulia/Desktop/PHASE3/fopy/Fopy/models/administrator.js","statementMap":{"0":{"start":{"line":4,"column":4},"end":{"line":4,"column":24}},"1":{"start":{"line":5,"column":25},"end":{"line":5,"column":53}},"2":{"start":{"line":6,"column":0},"end":{"line":81,"column":2}},"3":{"start":{"line":15,"column":6},"end":{"line":15,"column":41}},"4":{"start":{"line":16,"column":6},"end":{"line":16,"column":43}},"5":{"start":{"line":19,"column":2},"end":{"line":76,"column":5}},"6":{"start":{"line":77,"column":2},"end":{"line":79,"column":4}},"7":{"start":{"line":78,"column":4},"end":{"line":78,"column":47}},"8":{"start":{"line":80,"column":2},"end":{"line":80,"column":23}}},"fnMap":{"0":{"name":"(anonymous_0)","decl":{"start":{"line":6,"column":17},"end":{"line":6,"column":18}},"loc":{"start":{"line":6,"column":43},"end":{"line":81,"column":1}},"line":6},"1":{"name":"(anonymous_1)","decl":{"start":{"line":13,"column":4},"end":{"line":13,"column":5}},"loc":{"start":{"line":13,"column":29},"end":{"line":17,"column":5}},"line":13},"2":{"name":"(anonymous_2)","decl":{"start":{"line":77,"column":29},"end":{"line":77,"column":30}},"loc":{"start":{"line":77,"column":48},"end":{"line":79,"column":3}},"line":77}},"branchMap":{},"s":{"0":2,"1":2,"2":2,"3":2,"4":2,"5":2,"6":2,"7":4,"8":2},"f":{"0":2,"1":2,"2":4},"b":{},"_coverageSchema":"1a1c01bbd47fc00a2c39e90264f33305004495a9","hash":"35e6f24976c1a8e1577476f631157628e2075a4c"}
,"/Users/adelaulia/Desktop/PHASE3/fopy/Fopy/models/index.js": {"path":"/Users/adelaulia/Desktop/PHASE3/fopy/Fopy/models/index.js","statementMap":{"0":{"start":{"line":3,"column":11},"end":{"line":3,"column":24}},"1":{"start":{"line":4,"column":13},"end":{"line":4,"column":28}},"2":{"start":{"line":5,"column":18},"end":{"line":5,"column":38}},"3":{"start":{"line":6,"column":16},"end":{"line":6,"column":34}},"4":{"start":{"line":7,"column":17},"end":{"line":7,"column":42}},"5":{"start":{"line":8,"column":12},"end":{"line":8,"column":49}},"6":{"start":{"line":9,"column":15},"end":{"line":9,"column":65}},"7":{"start":{"line":10,"column":11},"end":{"line":10,"column":13}},"8":{"start":{"line":13,"column":0},"end":{"line":17,"column":1}},"9":{"start":{"line":14,"column":2},"end":{"line":14,"column":74}},"10":{"start":{"line":16,"column":2},"end":{"line":16,"column":87}},"11":{"start":{"line":19,"column":0},"end":{"line":32,"column":5}},"12":{"start":{"line":22,"column":4},"end":{"line":27,"column":6}},"13":{"start":{"line":30,"column":18},"end":{"line":30,"column":85}},"14":{"start":{"line":31,"column":4},"end":{"line":31,"column":27}},"15":{"start":{"line":34,"column":0},"end":{"line":38,"column":3}},"16":{"start":{"line":35,"column":2},"end":{"line":37,"column":3}},"17":{"start":{"line":36,"column":4},"end":{"line":36,"column":32}},"18":{"start":{"line":40,"column":0},"end":{"line":40,"column":25}},"19":{"start":{"line":41,"column":0},"end":{"line":41,"column":25}},"20":{"start":{"line":43,"column":0},"end":{"line":43,"column":20}}},"fnMap":{"0":{"name":"(anonymous_0)","decl":{"start":{"line":21,"column":10},"end":{"line":21,"column":11}},"loc":{"start":{"line":21,"column":18},"end":{"line":28,"column":3}},"line":21},"1":{"name":"(anonymous_1)","decl":{"start":{"line":29,"column":11},"end":{"line":29,"column":12}},"loc":{"start":{"line":29,"column":19},"end":{"line":32,"column":3}},"line":29},"2":{"name":"(anonymous_2)","decl":{"start":{"line":34,"column":24},"end":{"line":34,"column":25}},"loc":{"start":{"line":34,"column":37},"end":{"line":38,"column":1}},"line":34}},"branchMap":{"0":{"loc":{"start":{"line":8,"column":12},"end":{"line":8,"column":49}},"type":"binary-expr","locations":[{"start":{"line":8,"column":12},"end":{"line":8,"column":32}},{"start":{"line":8,"column":36},"end":{"line":8,"column":49}}],"line":8},"1":{"loc":{"start":{"line":13,"column":0},"end":{"line":17,"column":1}},"type":"if","locations":[{"start":{"line":13,"column":0},"end":{"line":17,"column":1}},{"start":{"line":15,"column":7},"end":{"line":17,"column":1}}],"line":13},"2":{"loc":{"start":{"line":23,"column":6},"end":{"line":26,"column":37}},"type":"binary-expr","locations":[{"start":{"line":23,"column":6},"end":{"line":23,"column":29}},{"start":{"line":24,"column":6},"end":{"line":24,"column":23}},{"start":{"line":25,"column":6},"end":{"line":25,"column":30}},{"start":{"line":26,"column":6},"end":{"line":26,"column":37}}],"line":23},"3":{"loc":{"start":{"line":35,"column":2},"end":{"line":37,"column":3}},"type":"if","locations":[{"start":{"line":35,"column":2},"end":{"line":37,"column":3}},{"start":{},"end":{}}],"line":35}},"s":{"0":2,"1":2,"2":2,"3":2,"4":2,"5":2,"6":2,"7":2,"8":2,"9":0,"10":2,"11":2,"12":12,"13":10,"14":10,"15":2,"16":10,"17":10,"18":2,"19":2,"20":2},"f":{"0":12,"1":10,"2":10},"b":{"0":[2,0],"1":[0,2],"2":[12,12,10,10],"3":[10,0]},"_coverageSchema":"1a1c01bbd47fc00a2c39e90264f33305004495a9","hash":"1021927f5f567c2f52014337cce4cd8c5ab85db0"}
,"/Users/adelaulia/Desktop/PHASE3/fopy/Fopy/models/order.js": {"path":"/Users/adelaulia/Desktop/PHASE3/fopy/Fopy/models/order.js","statementMap":{"0":{"start":{"line":4,"column":4},"end":{"line":4,"column":24}},"1":{"start":{"line":5,"column":0},"end":{"line":81,"column":2}},"2":{"start":{"line":14,"column":6},"end":{"line":14,"column":39}},"3":{"start":{"line":15,"column":6},"end":{"line":15,"column":34}},"4":{"start":{"line":16,"column":6},"end":{"line":16,"column":43}},"5":{"start":{"line":19,"column":2},"end":{"line":79,"column":5}},"6":{"start":{"line":80,"column":2},"end":{"line":80,"column":15}}},"fnMap":{"0":{"name":"(anonymous_0)","decl":{"start":{"line":5,"column":17},"end":{"line":5,"column":18}},"loc":{"start":{"line":5,"column":43},"end":{"line":81,"column":1}},"line":5},"1":{"name":"(anonymous_1)","decl":{"start":{"line":12,"column":4},"end":{"line":12,"column":5}},"loc":{"start":{"line":12,"column":29},"end":{"line":17,"column":5}},"line":12}},"branchMap":{},"s":{"0":2,"1":2,"2":2,"3":2,"4":2,"5":2,"6":2},"f":{"0":2,"1":2},"b":{},"_coverageSchema":"1a1c01bbd47fc00a2c39e90264f33305004495a9","hash":"292baef241cba577cb90e8a2abf49e6a4267f73a"}
,"/Users/adelaulia/Desktop/PHASE3/fopy/Fopy/models/orderdetail.js": {"path":"/Users/adelaulia/Desktop/PHASE3/fopy/Fopy/models/orderdetail.js","statementMap":{"0":{"start":{"line":4,"column":4},"end":{"line":4,"column":24}},"1":{"start":{"line":5,"column":0},"end":{"line":50,"column":2}},"2":{"start":{"line":14,"column":6},"end":{"line":14,"column":43}},"3":{"start":{"line":15,"column":6},"end":{"line":15,"column":41}},"4":{"start":{"line":18,"column":2},"end":{"line":48,"column":5}},"5":{"start":{"line":49,"column":2},"end":{"line":49,"column":21}}},"fnMap":{"0":{"name":"(anonymous_0)","decl":{"start":{"line":5,"column":17},"end":{"line":5,"column":18}},"loc":{"start":{"line":5,"column":43},"end":{"line":50,"column":1}},"line":5},"1":{"name":"(anonymous_1)","decl":{"start":{"line":12,"column":4},"end":{"line":12,"column":5}},"loc":{"start":{"line":12,"column":29},"end":{"line":16,"column":5}},"line":12}},"branchMap":{},"s":{"0":2,"1":2,"2":2,"3":2,"4":2,"5":2},"f":{"0":2,"1":2},"b":{},"_coverageSchema":"1a1c01bbd47fc00a2c39e90264f33305004495a9","hash":"67715255971c4982e74fd81f18ba5a197af4fcb6"}
,"/Users/adelaulia/Desktop/PHASE3/fopy/Fopy/models/service.js": {"path":"/Users/adelaulia/Desktop/PHASE3/fopy/Fopy/models/service.js","statementMap":{"0":{"start":{"line":4,"column":4},"end":{"line":4,"column":24}},"1":{"start":{"line":5,"column":0},"end":{"line":58,"column":2}},"2":{"start":{"line":14,"column":6},"end":{"line":14,"column":45}},"3":{"start":{"line":15,"column":6},"end":{"line":15,"column":41}},"4":{"start":{"line":18,"column":2},"end":{"line":56,"column":5}},"5":{"start":{"line":57,"column":2},"end":{"line":57,"column":17}}},"fnMap":{"0":{"name":"(anonymous_0)","decl":{"start":{"line":5,"column":17},"end":{"line":5,"column":18}},"loc":{"start":{"line":5,"column":43},"end":{"line":58,"column":1}},"line":5},"1":{"name":"(anonymous_1)","decl":{"start":{"line":12,"column":4},"end":{"line":12,"column":5}},"loc":{"start":{"line":12,"column":29},"end":{"line":16,"column":5}},"line":12}},"branchMap":{},"s":{"0":2,"1":2,"2":2,"3":2,"4":2,"5":2},"f":{"0":2,"1":2},"b":{},"_coverageSchema":"1a1c01bbd47fc00a2c39e90264f33305004495a9","hash":"03f44d1cd93a42140c6d21de769cf06efe4b7ebb"}
,"/Users/adelaulia/Desktop/PHASE3/fopy/Fopy/models/user.js": {"path":"/Users/adelaulia/Desktop/PHASE3/fopy/Fopy/models/user.js","statementMap":{"0":{"start":{"line":4,"column":4},"end":{"line":4,"column":24}},"1":{"start":{"line":5,"column":25},"end":{"line":5,"column":53}},"2":{"start":{"line":6,"column":0},"end":{"line":54,"column":2}},"3":{"start":{"line":15,"column":6},"end":{"line":15,"column":32}},"4":{"start":{"line":18,"column":2},"end":{"line":49,"column":5}},"5":{"start":{"line":50,"column":2},"end":{"line":52,"column":4}},"6":{"start":{"line":51,"column":4},"end":{"line":51,"column":47}},"7":{"start":{"line":53,"column":2},"end":{"line":53,"column":14}}},"fnMap":{"0":{"name":"(anonymous_0)","decl":{"start":{"line":6,"column":17},"end":{"line":6,"column":18}},"loc":{"start":{"line":6,"column":43},"end":{"line":54,"column":1}},"line":6},"1":{"name":"(anonymous_1)","decl":{"start":{"line":13,"column":4},"end":{"line":13,"column":5}},"loc":{"start":{"line":13,"column":29},"end":{"line":16,"column":5}},"line":13},"2":{"name":"(anonymous_2)","decl":{"start":{"line":50,"column":20},"end":{"line":50,"column":21}},"loc":{"start":{"line":50,"column":39},"end":{"line":52,"column":3}},"line":50}},"branchMap":{},"s":{"0":2,"1":2,"2":2,"3":2,"4":2,"5":2,"6":1,"7":2},"f":{"0":2,"1":2,"2":1},"b":{},"_coverageSchema":"1a1c01bbd47fc00a2c39e90264f33305004495a9","hash":"46dd77f469b190f0e8b237d18e8bfe419768f222"}
,"/Users/adelaulia/Desktop/PHASE3/fopy/Fopy/routes/admin.js": {"path":"/Users/adelaulia/Desktop/PHASE3/fopy/Fopy/routes/admin.js","statementMap":{"0":{"start":{"line":1,"column":16},"end":{"line":1,"column":34}},"1":{"start":{"line":2,"column":24},"end":{"line":2,"column":65}},"2":{"start":{"line":3,"column":32},"end":{"line":3,"column":72}},"3":{"start":{"line":5,"column":20},"end":{"line":5,"column":36}},"4":{"start":{"line":7,"column":0},"end":{"line":7,"column":62}},"5":{"start":{"line":8,"column":0},"end":{"line":8,"column":36}},"6":{"start":{"line":9,"column":0},"end":{"line":9,"column":60}},"7":{"start":{"line":10,"column":0},"end":{"line":10,"column":61}},"8":{"start":{"line":11,"column":0},"end":{"line":11,"column":28}}},"fnMap":{},"branchMap":{},"s":{"0":2,"1":2,"2":2,"3":2,"4":2,"5":2,"6":2,"7":2,"8":2},"f":{},"b":{},"_coverageSchema":"1a1c01bbd47fc00a2c39e90264f33305004495a9","hash":"3bb8a7c3b5a038a642d2ceaeb608fe39bfb85629"}
,"/Users/adelaulia/Desktop/PHASE3/fopy/Fopy/routes/driver.js": {"path":"/Users/adelaulia/Desktop/PHASE3/fopy/Fopy/routes/driver.js","statementMap":{"0":{"start":{"line":1,"column":16},"end":{"line":1,"column":34}},"1":{"start":{"line":2,"column":25},"end":{"line":2,"column":67}},"2":{"start":{"line":3,"column":27},"end":{"line":3,"column":67}},"3":{"start":{"line":5,"column":15},"end":{"line":5,"column":31}},"4":{"start":{"line":7,"column":0},"end":{"line":7,"column":46}},"5":{"start":{"line":9,"column":0},"end":{"line":9,"column":27}},"6":{"start":{"line":11,"column":0},"end":{"line":11,"column":52}},"7":{"start":{"line":12,"column":0},"end":{"line":12,"column":59}},"8":{"start":{"line":13,"column":0},"end":{"line":13,"column":24}}},"fnMap":{},"branchMap":{},"s":{"0":2,"1":2,"2":2,"3":2,"4":2,"5":2,"6":2,"7":2,"8":2},"f":{},"b":{},"_coverageSchema":"1a1c01bbd47fc00a2c39e90264f33305004495a9","hash":"22234d059c9996a51aed9550c53762800492f28d"}
,"/Users/adelaulia/Desktop/PHASE3/fopy/Fopy/routes/index.js": {"path":"/Users/adelaulia/Desktop/PHASE3/fopy/Fopy/routes/index.js","statementMap":{"0":{"start":{"line":1,"column":16},"end":{"line":1,"column":34}},"1":{"start":{"line":2,"column":15},"end":{"line":2,"column":31}},"2":{"start":{"line":3,"column":20},"end":{"line":3,"column":39}},"3":{"start":{"line":4,"column":19},"end":{"line":4,"column":37}},"4":{"start":{"line":6,"column":0},"end":{"line":6,"column":32}},"5":{"start":{"line":7,"column":0},"end":{"line":7,"column":34}},"6":{"start":{"line":9,"column":0},"end":{"line":9,"column":23}}},"fnMap":{},"branchMap":{},"s":{"0":2,"1":2,"2":2,"3":2,"4":2,"5":2,"6":2},"f":{},"b":{},"_coverageSchema":"1a1c01bbd47fc00a2c39e90264f33305004495a9","hash":"9f0c28197e574d3f4ce91dbf63e72fee9ee54203"}
}
