TN:
SF:app.js
FNF:0
FNH:0
DA:1,1
DA:3,1
DA:4,1
DA:5,1
DA:6,1
DA:7,1
DA:9,1
DA:10,1
DA:11,1
DA:13,1
DA:14,1
DA:16,1
LF:12
LH:12
BRF:0
BRH:0
end_of_record
TN:
SF:controllers/adminController.js
FN:6,(anonymous_0)
FN:39,(anonymous_1)
FN:74,(anonymous_2)
FN:85,(anonymous_3)
FN:103,(anonymous_4)
FN:118,(anonymous_5)
FN:137,(anonymous_6)
FN:163,(anonymous_7)
FN:174,(anonymous_8)
FN:200,(anonymous_9)
FNF:10
FNH:5
FNDA:5,(anonymous_0)
FNDA:8,(anonymous_1)
FNDA:1,(anonymous_2)
FNDA:1,(anonymous_3)
FNDA:1,(anonymous_4)
FNDA:0,(anonymous_5)
FNDA:0,(anonymous_6)
FNDA:0,(anonymous_7)
FNDA:0,(anonymous_8)
FNDA:0,(anonymous_9)
DA:1,1
DA:2,1
DA:3,1
DA:4,1
DA:5,1
DA:7,5
DA:8,5
DA:9,5
DA:11,5
DA:12,4
DA:13,3
DA:18,3
DA:19,3
DA:20,2
DA:21,2
DA:22,1
DA:26,1
DA:34,4
DA:35,4
DA:40,8
DA:41,8
DA:42,8
DA:44,0
DA:59,0
DA:69,8
DA:70,8
DA:75,1
DA:76,1
DA:77,1
DA:80,0
DA:81,0
DA:86,1
DA:87,1
DA:91,1
DA:92,0
DA:95,1
DA:96,1
DA:98,0
DA:99,0
DA:104,1
DA:105,1
DA:110,1
DA:111,1
DA:113,0
DA:114,0
DA:119,0
DA:120,0
DA:121,0
DA:129,0
DA:130,0
DA:132,0
DA:133,0
DA:138,0
DA:139,0
DA:140,0
DA:141,0
DA:142,0
DA:143,0
DA:144,0
DA:146,0
DA:148,0
DA:149,0
DA:155,0
DA:156,0
DA:158,0
DA:159,0
DA:164,0
DA:165,0
DA:166,0
DA:167,0
DA:169,0
DA:170,0
DA:175,0
DA:176,0
DA:177,0
DA:178,0
DA:179,0
DA:181,0
DA:182,0
DA:183,0
DA:193,0
DA:195,0
DA:196,0
DA:201,0
DA:202,0
DA:203,0
DA:208,0
DA:209,0
DA:211,0
LF:89
LH:36
BRDA:11,0,0,1
BRDA:11,0,1,4
BRDA:12,1,0,1
BRDA:12,1,1,3
BRDA:19,2,0,1
BRDA:19,2,1,2
BRDA:21,3,0,1
BRDA:21,3,1,1
BRDA:48,4,0,0
BRDA:48,4,1,0
BRDA:55,5,0,0
BRDA:55,5,1,0
BRDA:91,6,0,0
BRDA:91,6,1,1
BRDA:144,7,0,0
BRDA:144,7,1,0
BRDA:146,8,0,0
BRDA:146,8,1,0
BRDA:179,9,0,0
BRDA:179,9,1,0
BRDA:181,10,0,0
BRDA:181,10,1,0
BRF:22
BRH:9
end_of_record
TN:
SF:controllers/driverController.js
FN:6,(anonymous_0)
FN:53,(anonymous_1)
FN:63,(anonymous_2)
FNF:3
FNH:0
FNDA:0,(anonymous_0)
FNDA:0,(anonymous_1)
FNDA:0,(anonymous_2)
DA:1,1
DA:2,1
DA:3,1
DA:7,0
DA:8,0
DA:10,0
DA:11,0
DA:13,0
DA:14,0
DA:17,0
DA:23,0
DA:24,0
DA:28,0
DA:30,0
DA:31,0
DA:35,0
DA:41,0
DA:49,0
DA:50,0
DA:54,0
DA:55,0
DA:57,0
DA:59,0
DA:60,0
DA:64,0
DA:65,0
DA:66,0
DA:67,0
DA:69,0
DA:75,0
DA:77,0
DA:78,0
DA:83,1
LF:33
LH:4
BRDA:10,0,0,0
BRDA:10,0,1,0
BRDA:13,1,0,0
BRDA:13,1,1,0
BRDA:23,2,0,0
BRDA:23,2,1,0
BRDA:30,3,0,0
BRDA:30,3,1,0
BRF:8
BRH:0
end_of_record
TN:
SF:helpers/bcrypt.js
FN:4,(anonymous_0)
FN:8,(anonymous_1)
FNF:2
FNH:2
FNDA:1,(anonymous_0)
FNDA:2,(anonymous_1)
DA:1,1
DA:2,1
DA:4,1
DA:5,1
DA:8,1
DA:9,2
DA:12,1
LF:7
LH:7
BRF:0
BRH:0
end_of_record
TN:
SF:helpers/bulkInsertAdmin.js
FN:4,bulkInsertAdmin
FNF:1
FNH:1
FNDA:1,bulkInsertAdmin
DA:1,1
DA:2,1
DA:6,1
DA:13,1
DA:28,1
LF:5
LH:5
BRF:0
BRH:0
end_of_record
TN:
SF:helpers/jwt.js
FN:5,(anonymous_0)
FN:10,(anonymous_1)
FNF:2
FNH:2
FNDA:2,(anonymous_0)
FNDA:13,(anonymous_1)
DA:1,1
DA:3,1
DA:5,1
DA:7,2
DA:10,1
DA:11,13
DA:14,1
LF:7
LH:7
BRF:0
BRH:0
end_of_record
TN:
SF:middlewares/authentication.js
FN:4,(anonymous_0)
FN:37,(anonymous_1)
FNF:2
FNH:1
FNDA:16,(anonymous_0)
FNDA:0,(anonymous_1)
DA:1,1
DA:2,1
DA:4,1
DA:5,16
DA:6,16
DA:7,16
DA:9,3
DA:13,13
DA:14,11
DA:19,11
DA:21,0
DA:25,11
DA:26,11
DA:30,5
DA:31,5
DA:37,1
DA:38,0
DA:39,0
DA:41,0
DA:44,0
DA:46,0
DA:48,0
DA:51,0
DA:53,0
DA:55,0
DA:56,0
DA:60,1
LF:27
LH:16
BRDA:7,0,0,3
BRDA:7,0,1,13
BRDA:19,1,0,0
BRDA:19,1,1,11
BRDA:41,2,0,0
BRDA:41,2,1,0
BRDA:48,3,0,0
BRDA:48,3,1,0
BRF:8
BRH:3
end_of_record
TN:
SF:middlewares/authorization.js
FN:3,(anonymous_0)
FN:17,(anonymous_1)
FNF:2
FNH:1
FNDA:0,(anonymous_0)
FNDA:3,(anonymous_1)
DA:1,1
DA:3,1
DA:4,0
DA:5,0
DA:6,0
DA:8,0
DA:10,0
DA:12,0
DA:14,0
DA:17,1
DA:18,3
DA:19,3
DA:20,3
DA:23,0
DA:27,0
DA:28,0
DA:35,1
LF:17
LH:7
BRDA:8,0,0,0
BRDA:8,0,1,0
BRDA:10,1,0,0
BRDA:10,1,1,0
BRDA:19,2,0,3
BRDA:19,2,1,0
BRF:6
BRH:1
end_of_record
TN:
SF:middlewares/errorHandler.js
FN:1,(anonymous_0)
FNF:1
FNH:1
FNDA:17,(anonymous_0)
DA:1,1
DA:2,17
DA:6,0
DA:10,17
DA:11,1
DA:13,16
DA:14,1
DA:16,15
DA:17,2
DA:19,13
DA:20,3
DA:21,10
DA:25,0
DA:26,10
DA:27,0
DA:28,10
DA:29,0
DA:30,10
DA:31,0
DA:32,10
DA:33,0
DA:34,10
DA:35,0
DA:36,10
DA:37,0
DA:39,10
DA:40,0
DA:43,10
DA:50,1
LF:29
LH:20
BRDA:2,0,0,0
BRDA:2,0,1,17
BRDA:3,1,0,17
BRDA:3,1,1,17
BRDA:10,2,0,1
BRDA:10,2,1,16
BRDA:13,3,0,1
BRDA:13,3,1,15
BRDA:16,4,0,2
BRDA:16,4,1,13
BRDA:19,5,0,3
BRDA:19,5,1,10
BRDA:21,6,0,0
BRDA:21,6,1,10
BRDA:22,7,0,10
BRDA:22,7,1,10
BRDA:26,8,0,0
BRDA:26,8,1,10
BRDA:28,9,0,0
BRDA:28,9,1,10
BRDA:30,10,0,0
BRDA:30,10,1,10
BRDA:32,11,0,0
BRDA:32,11,1,10
BRDA:34,12,0,0
BRDA:34,12,1,10
BRDA:36,13,0,0
BRDA:36,13,1,10
BRDA:39,14,0,0
BRDA:39,14,1,10
BRF:30
BRH:21
end_of_record
TN:
SF:models/administrator.js
FN:6,(anonymous_0)
FN:13,(anonymous_1)
FN:77,(anonymous_2)
FNF:3
FNH:2
FNDA:1,(anonymous_0)
FNDA:1,(anonymous_1)
FNDA:0,(anonymous_2)
DA:4,1
DA:5,1
DA:6,1
DA:15,1
DA:16,1
DA:19,1
DA:77,1
DA:78,0
DA:80,1
LF:9
LH:8
BRF:0
BRH:0
end_of_record
TN:
SF:models/index.js
FN:21,(anonymous_0)
FN:29,(anonymous_1)
FN:34,(anonymous_2)
FNF:3
FNH:3
FNDA:6,(anonymous_0)
FNDA:5,(anonymous_1)
FNDA:5,(anonymous_2)
DA:3,1
DA:4,1
DA:5,1
DA:6,1
DA:7,1
DA:8,1
DA:9,1
DA:10,1
DA:13,1
DA:14,0
DA:16,1
DA:19,1
DA:22,6
DA:30,5
DA:31,5
DA:34,1
DA:35,5
DA:36,5
DA:40,1
DA:41,1
DA:43,1
LF:21
LH:20
BRDA:8,0,0,1
BRDA:8,0,1,0
BRDA:13,1,0,0
BRDA:13,1,1,1
BRDA:23,2,0,6
BRDA:23,2,1,6
BRDA:23,2,2,5
BRDA:23,2,3,5
BRDA:35,3,0,5
BRDA:35,3,1,0
BRF:10
BRH:7
end_of_record
TN:
SF:models/order.js
FN:5,(anonymous_0)
FN:12,(anonymous_1)
FNF:2
FNH:2
FNDA:1,(anonymous_0)
FNDA:1,(anonymous_1)
DA:4,1
DA:5,1
DA:14,1
DA:15,1
DA:16,1
DA:19,1
DA:80,1
LF:7
LH:7
BRF:0
BRH:0
end_of_record
TN:
SF:models/orderdetail.js
FN:5,(anonymous_0)
FN:12,(anonymous_1)
FNF:2
FNH:2
FNDA:1,(anonymous_0)
FNDA:1,(anonymous_1)
DA:4,1
DA:5,1
DA:14,1
DA:15,1
DA:18,1
DA:49,1
LF:6
LH:6
BRF:0
BRH:0
end_of_record
TN:
SF:models/service.js
FN:5,(anonymous_0)
FN:12,(anonymous_1)
FNF:2
FNH:2
FNDA:1,(anonymous_0)
FNDA:1,(anonymous_1)
DA:4,1
DA:5,1
DA:14,1
DA:15,1
DA:18,1
DA:57,1
LF:6
LH:6
BRF:0
BRH:0
end_of_record
TN:
SF:models/user.js
FN:6,(anonymous_0)
FN:13,(anonymous_1)
FN:50,(anonymous_2)
FNF:3
FNH:2
FNDA:1,(anonymous_0)
FNDA:1,(anonymous_1)
FNDA:0,(anonymous_2)
DA:4,1
DA:5,1
DA:6,1
DA:15,1
DA:18,1
DA:50,1
DA:51,0
DA:53,1
LF:8
LH:7
BRF:0
BRH:0
end_of_record
TN:
SF:routes/admin.js
FNF:0
FNH:0
DA:1,1
DA:2,1
DA:3,1
DA:4,1
DA:7,1
DA:9,1
DA:10,1
DA:11,1
DA:12,1
DA:13,1
DA:14,1
DA:15,1
DA:16,1
DA:17,1
DA:18,1
DA:19,1
DA:20,1
LF:17
LH:17
BRF:0
BRH:0
end_of_record
TN:
SF:routes/driver.js
FNF:0
FNH:0
DA:1,1
DA:2,1
DA:3,1
DA:5,1
DA:7,1
DA:9,1
DA:11,1
DA:12,1
DA:13,1
LF:9
LH:9
BRF:0
BRH:0
end_of_record
TN:
SF:routes/index.js
FNF:0
FNH:0
DA:1,1
DA:2,1
DA:3,1
DA:4,1
DA:6,1
DA:7,1
DA:9,1
LF:7
LH:7
BRF:0
BRH:0
end_of_record
