TN:
SF:app.js
FNF:0
FNH:0
DA:1,2
DA:3,2
DA:4,2
DA:5,2
DA:6,2
DA:7,2
DA:9,2
DA:10,2
DA:11,2
DA:13,2
DA:14,2
DA:16,2
LF:12
LH:12
BRF:0
BRH:0
end_of_record
TN:
SF:controllers/adminController.js
FN:5,(anonymous_0)
FN:38,(anonymous_1)
FN:67,(anonymous_2)
FNF:3
FNH:3
FNDA:5,(anonymous_0)
FNDA:8,(anonymous_1)
FNDA:1,(anonymous_2)
DA:1,2
DA:2,2
DA:3,2
DA:4,2
DA:6,5
DA:7,5
DA:8,5
DA:10,5
DA:11,4
DA:12,3
DA:17,3
DA:18,3
DA:19,2
DA:20,2
DA:21,1
DA:25,1
DA:33,4
DA:34,4
DA:39,8
DA:40,8
DA:41,8
DA:42,8
DA:52,1
DA:62,7
DA:63,7
DA:68,1
DA:69,1
DA:70,1
DA:71,1
DA:73,0
DA:74,0
LF:31
LH:29
BRDA:10,0,0,1
BRDA:10,0,1,4
BRDA:11,1,0,1
BRDA:11,1,1,3
BRDA:18,2,0,1
BRDA:18,2,1,2
BRDA:20,3,0,1
BRDA:20,3,1,1
BRF:8
BRH:8
end_of_record
TN:
SF:controllers/driverController.js
FN:6,(anonymous_0)
FN:53,(anonymous_1)
FN:63,(anonymous_2)
FNF:3
FNH:1
FNDA:5,(anonymous_0)
FNDA:0,(anonymous_1)
FNDA:0,(anonymous_2)
DA:1,2
DA:2,2
DA:3,2
DA:7,5
DA:8,5
DA:10,5
DA:11,1
DA:13,4
DA:14,1
DA:17,3
DA:23,3
DA:24,1
DA:28,2
DA:30,2
DA:31,1
DA:35,1
DA:41,0
DA:49,5
DA:50,5
DA:54,0
DA:55,0
DA:57,0
DA:59,0
DA:60,0
DA:64,0
DA:65,0
DA:66,0
DA:67,0
DA:69,0
DA:75,0
DA:77,0
DA:78,0
DA:83,2
LF:33
LH:19
BRDA:10,0,0,1
BRDA:10,0,1,4
BRDA:13,1,0,1
BRDA:13,1,1,3
BRDA:23,2,0,1
BRDA:23,2,1,2
BRDA:30,3,0,1
BRDA:30,3,1,1
BRF:8
BRH:8
end_of_record
TN:
SF:helpers/bcrypt.js
FN:4,(anonymous_0)
FN:8,(anonymous_1)
FNF:2
FNH:2
FNDA:6,(anonymous_0)
FNDA:4,(anonymous_1)
DA:1,2
DA:2,2
DA:4,2
DA:5,6
DA:8,2
DA:9,4
DA:12,2
LF:7
LH:7
BRF:0
BRH:0
end_of_record
TN:
SF:helpers/bulkInsertAdmin.js
FN:4,bulkInsertAdmin
FNF:1
FNH:1
FNDA:1,bulkInsertAdmin
DA:1,1
DA:2,1
DA:6,1
DA:13,1
DA:28,1
LF:5
LH:5
BRF:0
BRH:0
end_of_record
TN:
SF:helpers/jwt.js
FN:5,(anonymous_0)
FN:10,(anonymous_1)
FNF:2
FNH:2
FNDA:2,(anonymous_0)
FNDA:13,(anonymous_1)
DA:1,2
DA:3,2
DA:5,2
DA:7,2
DA:10,2
DA:11,13
DA:14,2
LF:7
LH:7
BRF:0
BRH:0
end_of_record
TN:
SF:middlewares/authentication.js
FN:4,(anonymous_0)
FN:37,(anonymous_1)
FNF:2
FNH:2
FNDA:14,(anonymous_0)
FNDA:6,(anonymous_1)
DA:1,2
DA:2,2
DA:4,2
DA:5,14
DA:6,14
DA:7,14
DA:9,1
DA:13,13
DA:14,11
DA:19,11
DA:21,0
DA:25,11
DA:26,11
DA:30,3
DA:31,3
DA:37,2
DA:38,6
DA:39,6
DA:41,6
DA:44,4
DA:46,0
DA:48,0
DA:51,0
DA:53,0
DA:55,6
DA:56,6
DA:60,2
LF:27
LH:22
BRDA:7,0,0,1
BRDA:7,0,1,13
BRDA:19,1,0,0
BRDA:19,1,1,11
BRDA:41,2,0,2
BRDA:41,2,1,4
BRDA:48,3,0,0
BRDA:48,3,1,0
BRF:8
BRH:5
end_of_record
TN:
SF:middlewares/errorHandler.js
FN:1,(anonymous_0)
FNF:1
FNH:1
FNDA:25,(anonymous_0)
DA:1,2
DA:2,25
DA:6,7
DA:10,18
DA:11,1
DA:13,17
DA:14,1
DA:16,16
DA:17,2
DA:19,14
DA:20,1
DA:21,13
DA:25,0
DA:26,13
DA:27,1
DA:28,12
DA:29,1
DA:30,11
DA:31,2
DA:32,9
DA:33,0
DA:34,9
DA:35,2
DA:36,7
DA:37,0
DA:40,7
DA:47,2
LF:27
LH:24
BRDA:2,0,0,7
BRDA:2,0,1,18
BRDA:3,1,0,25
BRDA:3,1,1,20
BRDA:10,2,0,1
BRDA:10,2,1,17
BRDA:13,3,0,1
BRDA:13,3,1,16
BRDA:16,4,0,2
BRDA:16,4,1,14
BRDA:19,5,0,1
BRDA:19,5,1,13
BRDA:21,6,0,0
BRDA:21,6,1,13
BRDA:22,7,0,13
BRDA:22,7,1,13
BRDA:26,8,0,1
BRDA:26,8,1,12
BRDA:28,9,0,1
BRDA:28,9,1,11
BRDA:30,10,0,2
BRDA:30,10,1,9
BRDA:32,11,0,0
BRDA:32,11,1,9
BRDA:34,12,0,2
BRDA:34,12,1,7
BRDA:36,13,0,0
BRDA:36,13,1,7
BRF:28
BRH:25
end_of_record
TN:
SF:models/administrator.js
FN:6,(anonymous_0)
FN:13,(anonymous_1)
FN:77,(anonymous_2)
FNF:3
FNH:3
FNDA:2,(anonymous_0)
FNDA:2,(anonymous_1)
FNDA:4,(anonymous_2)
DA:4,2
DA:5,2
DA:6,2
DA:15,2
DA:16,2
DA:19,2
DA:77,2
DA:78,4
DA:80,2
LF:9
LH:9
BRF:0
BRH:0
end_of_record
TN:
SF:models/index.js
FN:21,(anonymous_0)
FN:29,(anonymous_1)
FN:34,(anonymous_2)
FNF:3
FNH:3
FNDA:12,(anonymous_0)
FNDA:10,(anonymous_1)
FNDA:10,(anonymous_2)
DA:3,2
DA:4,2
DA:5,2
DA:6,2
DA:7,2
DA:8,2
DA:9,2
DA:10,2
DA:13,2
DA:14,0
DA:16,2
DA:19,2
DA:22,12
DA:30,10
DA:31,10
DA:34,2
DA:35,10
DA:36,10
DA:40,2
DA:41,2
DA:43,2
LF:21
LH:20
BRDA:8,0,0,2
BRDA:8,0,1,0
BRDA:13,1,0,0
BRDA:13,1,1,2
BRDA:23,2,0,12
BRDA:23,2,1,12
BRDA:23,2,2,10
BRDA:23,2,3,10
BRDA:35,3,0,10
BRDA:35,3,1,0
BRF:10
BRH:7
end_of_record
TN:
SF:models/order.js
FN:5,(anonymous_0)
FN:12,(anonymous_1)
FNF:2
FNH:2
FNDA:2,(anonymous_0)
FNDA:2,(anonymous_1)
DA:4,2
DA:5,2
DA:14,2
DA:15,2
DA:16,2
DA:19,2
DA:80,2
LF:7
LH:7
BRF:0
BRH:0
end_of_record
TN:
SF:models/orderdetail.js
FN:5,(anonymous_0)
FN:12,(anonymous_1)
FNF:2
FNH:2
FNDA:2,(anonymous_0)
FNDA:2,(anonymous_1)
DA:4,2
DA:5,2
DA:14,2
DA:15,2
DA:18,2
DA:49,2
LF:6
LH:6
BRF:0
BRH:0
end_of_record
TN:
SF:models/service.js
FN:5,(anonymous_0)
FN:12,(anonymous_1)
FNF:2
FNH:2
FNDA:2,(anonymous_0)
FNDA:2,(anonymous_1)
DA:4,2
DA:5,2
DA:14,2
DA:15,2
DA:18,2
DA:57,2
LF:6
LH:6
BRF:0
BRH:0
end_of_record
TN:
SF:models/user.js
FN:6,(anonymous_0)
FN:13,(anonymous_1)
FN:50,(anonymous_2)
FNF:3
FNH:3
FNDA:2,(anonymous_0)
FNDA:2,(anonymous_1)
FNDA:1,(anonymous_2)
DA:4,2
DA:5,2
DA:6,2
DA:15,2
DA:18,2
DA:50,2
DA:51,1
DA:53,2
LF:8
LH:8
BRF:0
BRH:0
end_of_record
TN:
SF:routes/admin.js
FNF:0
FNH:0
DA:1,2
DA:2,2
DA:3,2
DA:5,2
DA:7,2
DA:8,2
DA:9,2
DA:10,2
DA:11,2
LF:9
LH:9
BRF:0
BRH:0
end_of_record
TN:
SF:routes/driver.js
FNF:0
FNH:0
DA:1,2
DA:2,2
DA:3,2
DA:5,2
DA:7,2
DA:9,2
DA:11,2
DA:12,2
DA:13,2
LF:9
LH:9
BRF:0
BRH:0
end_of_record
TN:
SF:routes/index.js
FNF:0
FNH:0
DA:1,2
DA:2,2
DA:3,2
DA:4,2
DA:6,2
DA:7,2
DA:9,2
LF:7
LH:7
BRF:0
BRH:0
end_of_record
